<?xml version="1.0" encoding="UTF-8"?>
<testng-results ignored="12" total="14" passed="2" failed="0" skipped="0">
  <reporter-output>
  </reporter-output>
  <suite started-at="2025-09-23T12:12:53 IST" name="Debug" finished-at="2025-09-23T12:12:58 IST" duration-ms="4817">
    <groups>
      <group name="debug">
        <method signature="ForgotPasswordTest.emptyEmail()[pri:0, instance:com.darkuros.selenium.tests.ForgotPasswordTest@6a57ae10]" name="emptyEmail" class="com.darkuros.selenium.tests.ForgotPasswordTest"/>
        <method signature="ForgotPasswordTest.invalidEmail()[pri:0, instance:com.darkuros.selenium.tests.ForgotPasswordTest@6a57ae10]" name="invalidEmail" class="com.darkuros.selenium.tests.ForgotPasswordTest"/>
      </group> <!-- debug -->
    </groups>
    <test started-at="2025-09-23T12:12:53 IST" name="debug" finished-at="2025-09-23T12:12:58 IST" duration-ms="4817">
      <class name="com.darkuros.selenium.tests.ForgotPasswordTest">
        <test-method is-config="true" signature="setup()[pri:0, instance:com.darkuros.selenium.tests.ForgotPasswordTest@6a57ae10]" started-at="2025-09-23T12:12:53 IST" name="setup" finished-at="2025-09-23T12:12:56 IST" duration-ms="3117" status="PASS">
          <reporter-output>
          </reporter-output>
        </test-method> <!-- setup -->
        <test-method is-config="true" signature="setup()[pri:0, instance:com.darkuros.selenium.tests.ForgotPasswordTest@6a57ae10]" started-at="2025-09-23T12:12:53 IST" name="setup" finished-at="2025-09-23T12:12:56 IST" duration-ms="2817" status="PASS">
          <reporter-output>
          </reporter-output>
        </test-method> <!-- setup -->
        <test-method signature="emptyEmail()[pri:0, instance:com.darkuros.selenium.tests.ForgotPasswordTest@6a57ae10]" started-at="2025-09-23T12:12:56 IST" name="emptyEmail" finished-at="2025-09-23T12:12:57 IST" duration-ms="1484" status="PASS">
          <reporter-output>
          </reporter-output>
        </test-method> <!-- emptyEmail -->
        <test-method signature="invalidEmail()[pri:0, instance:com.darkuros.selenium.tests.ForgotPasswordTest@6a57ae10]" started-at="2025-09-23T12:12:56 IST" name="invalidEmail" finished-at="2025-09-23T12:12:57 IST" duration-ms="1414" status="PASS">
          <reporter-output>
          </reporter-output>
        </test-method> <!-- invalidEmail -->
        <test-method is-config="true" signature="tearDown()[pri:0, instance:com.darkuros.selenium.tests.ForgotPasswordTest@6a57ae10]" started-at="2025-09-23T12:12:57 IST" name="tearDown" finished-at="2025-09-23T12:12:57 IST" duration-ms="160" status="PASS">
          <reporter-output>
          </reporter-output>
        </test-method> <!-- tearDown -->
        <test-method is-config="true" signature="tearDown()[pri:0, instance:com.darkuros.selenium.tests.ForgotPasswordTest@6a57ae10]" started-at="2025-09-23T12:12:57 IST" name="tearDown" finished-at="2025-09-23T12:12:58 IST" duration-ms="106" status="PASS">
          <reporter-output>
          </reporter-output>
        </test-method> <!-- tearDown -->
      </class> <!-- com.darkuros.selenium.tests.ForgotPasswordTest -->
    </test> <!-- debug -->
  </suite> <!-- Debug -->
</testng-results>
