<?xml version="1.0" encoding="UTF-8"?>
<testng-results ignored="0" total="4" passed="4" failed="0" skipped="0">
  <reporter-output>
  </reporter-output>
  <suite started-at="2025-07-02T15:04:12 IST" name="DebugSuite" finished-at="2025-07-02T15:04:26 IST" duration-ms="13706">
    <groups>
    </groups>
    <test started-at="2025-07-02T15:04:12 IST" name="debug" finished-at="2025-07-02T15:04:26 IST" duration-ms="13706">
      <class name="com.darkuros.selenium.tests.RegisterTest">
        <test-method is-config="true" signature="setup()[pri:0, instance:com.darkuros.selenium.tests.RegisterTest@10289886]" started-at="2025-07-02T15:04:12 IST" name="setup" finished-at="2025-07-02T15:04:21 IST" duration-ms="8912" status="PASS">
          <reporter-output>
          </reporter-output>
        </test-method> <!-- setup -->
        <test-method is-config="true" signature="setup()[pri:0, instance:com.darkuros.selenium.tests.RegisterTest@10289886]" started-at="2025-07-02T15:04:12 IST" name="setup" finished-at="2025-07-02T15:04:21 IST" duration-ms="8534" status="PASS">
          <reporter-output>
          </reporter-output>
        </test-method> <!-- setup -->
        <test-method is-config="true" signature="setup()[pri:0, instance:com.darkuros.selenium.tests.RegisterTest@10289886]" started-at="2025-07-02T15:04:12 IST" name="setup" finished-at="2025-07-02T15:04:20 IST" duration-ms="8082" status="PASS">
          <reporter-output>
          </reporter-output>
        </test-method> <!-- setup -->
        <test-method is-config="true" signature="setup()[pri:0, instance:com.darkuros.selenium.tests.RegisterTest@10289886]" started-at="2025-07-02T15:04:12 IST" name="setup" finished-at="2025-07-02T15:04:22 IST" duration-ms="9720" status="PASS">
          <reporter-output>
          </reporter-output>
        </test-method> <!-- setup -->
        <test-method signature="registerUserWithValidDetails(com.darkuros.selenium.models.UserTestData)[pri:0, instance:com.darkuros.selenium.tests.RegisterTest@10289886]" started-at="2025-07-02T15:04:20 IST" name="registerUserWithValidDetails" data-provider="registrationData" finished-at="2025-07-02T15:04:22 IST" duration-ms="1558" status="PASS">
          <params>
            <param index="0">
              <value>
                <![CDATA[com.darkuros.selenium.models.UserTestData@6fdce4e4]]>
              </value>
            </param>
          </params>
          <reporter-output>
          </reporter-output>
        </test-method> <!-- registerUserWithValidDetails -->
        <test-method signature="passwordLessThan8Chars(com.darkuros.selenium.models.UserTestData)[pri:0, instance:com.darkuros.selenium.tests.RegisterTest@10289886]" started-at="2025-07-02T15:04:21 IST" name="passwordLessThan8Chars" data-provider="registrationData" finished-at="2025-07-02T15:04:22 IST" duration-ms="1502" status="PASS">
          <params>
            <param index="0">
              <value>
                <![CDATA[com.darkuros.selenium.models.UserTestData@71392952]]>
              </value>
            </param>
          </params>
          <reporter-output>
          </reporter-output>
        </test-method> <!-- passwordLessThan8Chars -->
        <test-method signature="clickRegisterWithEmptyForm()[pri:0, instance:com.darkuros.selenium.tests.RegisterTest@10289886]" started-at="2025-07-02T15:04:21 IST" name="clickRegisterWithEmptyForm" finished-at="2025-07-02T15:04:22 IST" duration-ms="684" status="PASS">
          <reporter-output>
          </reporter-output>
        </test-method> <!-- clickRegisterWithEmptyForm -->
        <test-method is-config="true" signature="tearDown()[pri:0, instance:com.darkuros.selenium.tests.RegisterTest@10289886]" started-at="2025-07-02T15:04:22 IST" name="tearDown" finished-at="2025-07-02T15:04:25 IST" duration-ms="3078" status="PASS">
          <reporter-output>
          </reporter-output>
        </test-method> <!-- tearDown -->
        <test-method is-config="true" signature="tearDown()[pri:0, instance:com.darkuros.selenium.tests.RegisterTest@10289886]" started-at="2025-07-02T15:04:22 IST" name="tearDown" finished-at="2025-07-02T15:04:23 IST" duration-ms="923" status="PASS">
          <reporter-output>
          </reporter-output>
        </test-method> <!-- tearDown -->
        <test-method signature="registerUserWithOnlyRequiredFields(com.darkuros.selenium.models.UserTestData)[pri:0, instance:com.darkuros.selenium.tests.RegisterTest@10289886]" started-at="2025-07-02T15:04:22 IST" name="registerUserWithOnlyRequiredFields" data-provider="registrationData" finished-at="2025-07-02T15:04:23 IST" duration-ms="1029" status="PASS">
          <params>
            <param index="0">
              <value>
                <![CDATA[com.darkuros.selenium.models.UserTestData@4e6e01e5]]>
              </value>
            </param>
          </params>
          <reporter-output>
          </reporter-output>
        </test-method> <!-- registerUserWithOnlyRequiredFields -->
        <test-method is-config="true" signature="tearDown()[pri:0, instance:com.darkuros.selenium.tests.RegisterTest@10289886]" started-at="2025-07-02T15:04:22 IST" name="tearDown" finished-at="2025-07-02T15:04:23 IST" duration-ms="830" status="PASS">
          <reporter-output>
          </reporter-output>
        </test-method> <!-- tearDown -->
        <test-method is-config="true" signature="tearDown()[pri:0, instance:com.darkuros.selenium.tests.RegisterTest@10289886]" started-at="2025-07-02T15:04:23 IST" name="tearDown" finished-at="2025-07-02T15:04:26 IST" duration-ms="2926" status="PASS">
          <reporter-output>
          </reporter-output>
        </test-method> <!-- tearDown -->
      </class> <!-- com.darkuros.selenium.tests.RegisterTest -->
    </test> <!-- debug -->
  </suite> <!-- DebugSuite -->
</testng-results>
