<?xml version="1.0" encoding="UTF-8"?>
<testng-results ignored="0" total="2" passed="2" failed="0" skipped="0">
  <reporter-output>
  </reporter-output>
  <suite started-at="2025-06-15T00:04:28 IST" name="DebugSuite" finished-at="2025-06-15T00:04:33 IST" duration-ms="4755">
    <groups>
    </groups>
    <test started-at="2025-06-15T00:04:28 IST" name="debug" finished-at="2025-06-15T00:04:33 IST" duration-ms="4755">
      <class name="com.darkuros.selenium.tests.LoginTest">
        <test-method is-config="true" signature="setup(java.lang.String)[pri:0, instance:com.darkuros.selenium.tests.LoginTest@77888435]" started-at="2025-06-15T00:04:28 IST" name="setup" finished-at="2025-06-15T00:04:30 IST" duration-ms="1411" status="PASS">
          <params>
            <param index="0">
              <value>
                <![CDATA[https://rahulshettyacademy.com/client/]]>
              </value>
            </param>
          </params>
          <reporter-output>
          </reporter-output>
        </test-method> <!-- setup -->
        <test-method signature="LoginWithInvalidCredentials()[pri:0, instance:com.darkuros.selenium.tests.LoginTest@77888435]" started-at="2025-06-15T00:04:30 IST" name="LoginWithInvalidCredentials" finished-at="2025-06-15T00:04:31 IST" duration-ms="721" status="PASS">
          <reporter-output>
          </reporter-output>
        </test-method> <!-- LoginWithInvalidCredentials -->
        <test-method is-config="true" signature="tearDown()[pri:0, instance:com.darkuros.selenium.tests.LoginTest@77888435]" started-at="2025-06-15T00:04:31 IST" name="tearDown" finished-at="2025-06-15T00:04:31 IST" duration-ms="114" status="PASS">
          <reporter-output>
          </reporter-output>
        </test-method> <!-- tearDown -->
        <test-method is-config="true" signature="setup(java.lang.String)[pri:0, instance:com.darkuros.selenium.tests.LoginTest@77888435]" started-at="2025-06-15T00:04:31 IST" name="setup" finished-at="2025-06-15T00:04:32 IST" duration-ms="1694" status="PASS">
          <params>
            <param index="0">
              <value>
                <![CDATA[https://rahulshettyacademy.com/client/]]>
              </value>
            </param>
          </params>
          <reporter-output>
          </reporter-output>
        </test-method> <!-- setup -->
        <test-method signature="LoginWithValidCredentials()[pri:0, instance:com.darkuros.selenium.tests.LoginTest@77888435]" started-at="2025-06-15T00:04:32 IST" name="LoginWithValidCredentials" finished-at="2025-06-15T00:04:33 IST" duration-ms="667" status="PASS">
          <reporter-output>
          </reporter-output>
        </test-method> <!-- LoginWithValidCredentials -->
        <test-method is-config="true" signature="tearDown()[pri:0, instance:com.darkuros.selenium.tests.LoginTest@77888435]" started-at="2025-06-15T00:04:33 IST" name="tearDown" finished-at="2025-06-15T00:04:33 IST" duration-ms="120" status="PASS">
          <reporter-output>
          </reporter-output>
        </test-method> <!-- tearDown -->
      </class> <!-- com.darkuros.selenium.tests.LoginTest -->
    </test> <!-- debug -->
  </suite> <!-- DebugSuite -->
</testng-results>
