<?xml version="1.0" encoding="UTF-8"?>
<testng-results ignored="14" total="15" passed="1" failed="0" skipped="0">
  <reporter-output>
  </reporter-output>
  <suite started-at="2025-10-12T11:43:51 IST" name="Debug" finished-at="2025-10-12T11:43:56 IST" duration-ms="4691">
    <groups>
      <group name="debug">
        <method signature="ForgotPasswordTest.saveNewPasswordWithValidCredentials()[pri:0, instance:com.darkuros.selenium.tests.ForgotPasswordTest@c055c54]" name="saveNewPasswordWithValidCredentials" class="com.darkuros.selenium.tests.ForgotPasswordTest"/>
      </group> <!-- debug -->
    </groups>
    <test started-at="2025-10-12T11:43:51 IST" name="debug" finished-at="2025-10-12T11:43:56 IST" duration-ms="4691">
      <class name="com.darkuros.selenium.tests.ForgotPasswordTest">
        <test-method is-config="true" signature="setup()[pri:0, instance:com.darkuros.selenium.tests.ForgotPasswordTest@c055c54]" started-at="2025-10-12T11:43:51 IST" name="setup" finished-at="2025-10-12T11:43:53 IST" duration-ms="2457" status="PASS">
          <reporter-output>
          </reporter-output>
        </test-method> <!-- setup -->
        <test-method signature="saveNewPasswordWithValidCredentials()[pri:0, instance:com.darkuros.selenium.tests.ForgotPasswordTest@c055c54]" started-at="2025-10-12T11:43:53 IST" name="saveNewPasswordWithValidCredentials" finished-at="2025-10-12T11:43:55 IST" duration-ms="1974" status="PASS">
          <reporter-output>
          </reporter-output>
        </test-method> <!-- saveNewPasswordWithValidCredentials -->
        <test-method is-config="true" signature="tearDown()[pri:0, instance:com.darkuros.selenium.tests.ForgotPasswordTest@c055c54]" started-at="2025-10-12T11:43:55 IST" name="tearDown" finished-at="2025-10-12T11:43:56 IST" duration-ms="98" status="PASS">
          <reporter-output>
          </reporter-output>
        </test-method> <!-- tearDown -->
      </class> <!-- com.darkuros.selenium.tests.ForgotPasswordTest -->
    </test> <!-- debug -->
  </suite> <!-- Debug -->
</testng-results>
