<?xml version="1.0" encoding="UTF-8"?>
<testng-results ignored="0" total="17" passed="17" failed="0" skipped="0">
  <reporter-output>
  </reporter-output>
  <suite started-at="2025-09-21T18:34:39 IST" name="Regression" finished-at="2025-09-21T18:35:08 IST" duration-ms="28633">
    <groups>
      <group name="debug">
        <method signature="LoginTest.isForgotPasswordLinkWorking()[pri:0, instance:com.darkuros.selenium.tests.LoginTest@658c5a19]" name="isForgotPasswordLinkWorking" class="com.darkuros.selenium.tests.LoginTest"/>
      </group> <!-- debug -->
    </groups>
    <test started-at="2025-09-21T18:34:39 IST" name="debug" finished-at="2025-09-21T18:35:08 IST" duration-ms="28633">
      <class name="com.darkuros.selenium.tests.RegisterTest">
        <test-method is-config="true" signature="setup()[pri:0, instance:com.darkuros.selenium.tests.RegisterTest@421e361]" started-at="2025-09-21T18:34:52 IST" name="setup" finished-at="2025-09-21T18:34:54 IST" duration-ms="2378" status="PASS">
          <reporter-output>
          </reporter-output>
        </test-method> <!-- setup -->
        <test-method signature="clickRegisterWithEmptyForm()[pri:0, instance:com.darkuros.selenium.tests.RegisterTest@421e361]" started-at="2025-09-21T18:34:54 IST" name="clickRegisterWithEmptyForm" finished-at="2025-09-21T18:34:56 IST" duration-ms="1528" status="PASS">
          <reporter-output>
          </reporter-output>
        </test-method> <!-- clickRegisterWithEmptyForm -->
        <test-method is-config="true" signature="setup()[pri:0, instance:com.darkuros.selenium.tests.RegisterTest@421e361]" started-at="2025-09-21T18:34:55 IST" name="setup" finished-at="2025-09-21T18:34:58 IST" duration-ms="3073" status="PASS">
          <reporter-output>
          </reporter-output>
        </test-method> <!-- setup -->
        <test-method is-config="true" signature="setup()[pri:0, instance:com.darkuros.selenium.tests.RegisterTest@421e361]" started-at="2025-09-21T18:34:55 IST" name="setup" finished-at="2025-09-21T18:34:57 IST" duration-ms="1148" status="PASS">
          <reporter-output>
          </reporter-output>
        </test-method> <!-- setup -->
        <test-method is-config="true" signature="tearDown()[pri:0, instance:com.darkuros.selenium.tests.RegisterTest@421e361]" started-at="2025-09-21T18:34:56 IST" name="tearDown" finished-at="2025-09-21T18:34:56 IST" duration-ms="223" status="PASS">
          <reporter-output>
          </reporter-output>
        </test-method> <!-- tearDown -->
        <test-method is-config="true" signature="setup()[pri:0, instance:com.darkuros.selenium.tests.RegisterTest@421e361]" started-at="2025-09-21T18:34:56 IST" name="setup" finished-at="2025-09-21T18:35:00 IST" duration-ms="3707" status="PASS">
          <reporter-output>
          </reporter-output>
        </test-method> <!-- setup -->
        <test-method signature="registerUserWithOnlyRequiredFields(com.darkuros.selenium.models.UserTestData)[pri:0, instance:com.darkuros.selenium.tests.RegisterTest@421e361]" started-at="2025-09-21T18:34:57 IST" name="registerUserWithOnlyRequiredFields" data-provider="registrationData" finished-at="2025-09-21T18:34:58 IST" duration-ms="1862" status="PASS">
          <params>
            <param index="0">
              <value>
                <![CDATA[com.darkuros.selenium.models.UserTestData@7a202e92]]>
              </value>
            </param>
          </params>
          <reporter-output>
          </reporter-output>
        </test-method> <!-- registerUserWithOnlyRequiredFields -->
        <test-method signature="passwordLessThan8Chars(com.darkuros.selenium.models.UserTestData)[pri:0, instance:com.darkuros.selenium.tests.RegisterTest@421e361]" started-at="2025-09-21T18:34:58 IST" name="passwordLessThan8Chars" data-provider="registrationData" finished-at="2025-09-21T18:35:00 IST" duration-ms="1855" status="PASS">
          <params>
            <param index="0">
              <value>
                <![CDATA[com.darkuros.selenium.models.UserTestData@14fa09a6]]>
              </value>
            </param>
          </params>
          <reporter-output>
          </reporter-output>
        </test-method> <!-- passwordLessThan8Chars -->
        <test-method is-config="true" signature="tearDown()[pri:0, instance:com.darkuros.selenium.tests.RegisterTest@421e361]" started-at="2025-09-21T18:34:58 IST" name="tearDown" finished-at="2025-09-21T18:34:59 IST" duration-ms="120" status="PASS">
          <reporter-output>
          </reporter-output>
        </test-method> <!-- tearDown -->
        <test-method is-config="true" signature="tearDown()[pri:0, instance:com.darkuros.selenium.tests.RegisterTest@421e361]" started-at="2025-09-21T18:35:00 IST" name="tearDown" finished-at="2025-09-21T18:35:00 IST" duration-ms="115" status="PASS">
          <reporter-output>
          </reporter-output>
        </test-method> <!-- tearDown -->
        <test-method signature="registerUserWithValidDetails(com.darkuros.selenium.models.UserTestData)[pri:0, instance:com.darkuros.selenium.tests.RegisterTest@421e361]" started-at="2025-09-21T18:35:00 IST" name="registerUserWithValidDetails" data-provider="registrationData" finished-at="2025-09-21T18:35:02 IST" duration-ms="1966" status="PASS">
          <params>
            <param index="0">
              <value>
                <![CDATA[com.darkuros.selenium.models.UserTestData@3de656ea]]>
              </value>
            </param>
          </params>
          <reporter-output>
          </reporter-output>
        </test-method> <!-- registerUserWithValidDetails -->
        <test-method is-config="true" signature="tearDown()[pri:0, instance:com.darkuros.selenium.tests.RegisterTest@421e361]" started-at="2025-09-21T18:35:02 IST" name="tearDown" finished-at="2025-09-21T18:35:02 IST" duration-ms="111" status="PASS">
          <reporter-output>
          </reporter-output>
        </test-method> <!-- tearDown -->
      </class> <!-- com.darkuros.selenium.tests.RegisterTest -->
      <class name="com.darkuros.selenium.tests.ForgotPasswordTest">
        <test-method is-config="true" signature="setup()[pri:0, instance:com.darkuros.selenium.tests.ForgotPasswordTest@a37aefe]" started-at="2025-09-21T18:34:39 IST" name="setup" finished-at="2025-09-21T18:34:48 IST" duration-ms="8651" status="PASS">
          <reporter-output>
          </reporter-output>
        </test-method> <!-- setup -->
        <test-method is-config="true" signature="setup()[pri:0, instance:com.darkuros.selenium.tests.ForgotPasswordTest@a37aefe]" started-at="2025-09-21T18:34:39 IST" name="setup" finished-at="2025-09-21T18:34:45 IST" duration-ms="5915" status="PASS">
          <reporter-output>
          </reporter-output>
        </test-method> <!-- setup -->
        <test-method is-config="true" signature="setup()[pri:0, instance:com.darkuros.selenium.tests.ForgotPasswordTest@a37aefe]" started-at="2025-09-21T18:34:39 IST" name="setup" finished-at="2025-09-21T18:34:44 IST" duration-ms="4961" status="PASS">
          <reporter-output>
          </reporter-output>
        </test-method> <!-- setup -->
        <test-method is-config="true" signature="setup()[pri:0, instance:com.darkuros.selenium.tests.ForgotPasswordTest@a37aefe]" started-at="2025-09-21T18:34:39 IST" name="setup" finished-at="2025-09-21T18:34:45 IST" duration-ms="5206" status="PASS">
          <reporter-output>
          </reporter-output>
        </test-method> <!-- setup -->
        <test-method signature="emptyPasswordAndConfirmPassword()[pri:0, instance:com.darkuros.selenium.tests.ForgotPasswordTest@a37aefe]" started-at="2025-09-21T18:34:44 IST" name="emptyPasswordAndConfirmPassword" finished-at="2025-09-21T18:34:46 IST" duration-ms="1894" status="PASS">
          <reporter-output>
          </reporter-output>
        </test-method> <!-- emptyPasswordAndConfirmPassword -->
        <test-method signature="emptyPassword()[pri:0, instance:com.darkuros.selenium.tests.ForgotPasswordTest@a37aefe]" started-at="2025-09-21T18:34:45 IST" name="emptyPassword" finished-at="2025-09-21T18:34:46 IST" duration-ms="1654" status="PASS">
          <reporter-output>
          </reporter-output>
        </test-method> <!-- emptyPassword -->
        <test-method signature="emptyConfirmPassword()[pri:0, instance:com.darkuros.selenium.tests.ForgotPasswordTest@a37aefe]" started-at="2025-09-21T18:34:45 IST" name="emptyConfirmPassword" finished-at="2025-09-21T18:34:47 IST" duration-ms="1583" status="PASS">
          <reporter-output>
          </reporter-output>
        </test-method> <!-- emptyConfirmPassword -->
        <test-method is-config="true" signature="tearDown()[pri:0, instance:com.darkuros.selenium.tests.ForgotPasswordTest@a37aefe]" started-at="2025-09-21T18:34:46 IST" name="tearDown" finished-at="2025-09-21T18:34:46 IST" duration-ms="143" status="PASS">
          <reporter-output>
          </reporter-output>
        </test-method> <!-- tearDown -->
        <test-method is-config="true" signature="tearDown()[pri:0, instance:com.darkuros.selenium.tests.ForgotPasswordTest@a37aefe]" started-at="2025-09-21T18:34:46 IST" name="tearDown" finished-at="2025-09-21T18:34:46 IST" duration-ms="154" status="PASS">
          <reporter-output>
          </reporter-output>
        </test-method> <!-- tearDown -->
        <test-method is-config="true" signature="setup()[pri:0, instance:com.darkuros.selenium.tests.ForgotPasswordTest@a37aefe]" started-at="2025-09-21T18:34:46 IST" name="setup" finished-at="2025-09-21T18:34:49 IST" duration-ms="2381" status="PASS">
          <reporter-output>
          </reporter-output>
        </test-method> <!-- setup -->
        <test-method is-config="true" signature="setup()[pri:0, instance:com.darkuros.selenium.tests.ForgotPasswordTest@a37aefe]" started-at="2025-09-21T18:34:46 IST" name="setup" finished-at="2025-09-21T18:34:49 IST" duration-ms="2881" status="PASS">
          <reporter-output>
          </reporter-output>
        </test-method> <!-- setup -->
        <test-method is-config="true" signature="tearDown()[pri:0, instance:com.darkuros.selenium.tests.ForgotPasswordTest@a37aefe]" started-at="2025-09-21T18:34:47 IST" name="tearDown" finished-at="2025-09-21T18:34:47 IST" duration-ms="313" status="PASS">
          <reporter-output>
          </reporter-output>
        </test-method> <!-- tearDown -->
        <test-method is-config="true" signature="setup()[pri:0, instance:com.darkuros.selenium.tests.ForgotPasswordTest@a37aefe]" started-at="2025-09-21T18:34:47 IST" name="setup" finished-at="2025-09-21T18:34:50 IST" duration-ms="2540" status="PASS">
          <reporter-output>
          </reporter-output>
        </test-method> <!-- setup -->
        <test-method signature="emptyEmail()[pri:0, instance:com.darkuros.selenium.tests.ForgotPasswordTest@a37aefe]" started-at="2025-09-21T18:34:48 IST" name="emptyEmail" finished-at="2025-09-21T18:34:50 IST" duration-ms="1441" status="PASS">
          <reporter-output>
          </reporter-output>
        </test-method> <!-- emptyEmail -->
        <test-method signature="invalidEmail()[pri:0, instance:com.darkuros.selenium.tests.ForgotPasswordTest@a37aefe]" started-at="2025-09-21T18:34:49 IST" name="invalidEmail" finished-at="2025-09-21T18:34:50 IST" duration-ms="1461" status="PASS">
          <reporter-output>
          </reporter-output>
        </test-method> <!-- invalidEmail -->
        <test-method signature="passwordsDontMatch()[pri:0, instance:com.darkuros.selenium.tests.ForgotPasswordTest@a37aefe]" started-at="2025-09-21T18:34:49 IST" name="passwordsDontMatch" finished-at="2025-09-21T18:34:51 IST" duration-ms="1540" status="PASS">
          <reporter-output>
          </reporter-output>
        </test-method> <!-- passwordsDontMatch -->
        <test-method is-config="true" signature="tearDown()[pri:0, instance:com.darkuros.selenium.tests.ForgotPasswordTest@a37aefe]" started-at="2025-09-21T18:34:50 IST" name="tearDown" finished-at="2025-09-21T18:34:50 IST" duration-ms="118" status="PASS">
          <reporter-output>
          </reporter-output>
        </test-method> <!-- tearDown -->
        <test-method signature="saveNewPasswordWithValidCredentials()[pri:0, instance:com.darkuros.selenium.tests.ForgotPasswordTest@a37aefe]" started-at="2025-09-21T18:34:50 IST" name="saveNewPasswordWithValidCredentials" finished-at="2025-09-21T18:34:52 IST" duration-ms="2053" status="PASS">
          <reporter-output>
          </reporter-output>
        </test-method> <!-- saveNewPasswordWithValidCredentials -->
        <test-method is-config="true" signature="tearDown()[pri:0, instance:com.darkuros.selenium.tests.ForgotPasswordTest@a37aefe]" started-at="2025-09-21T18:34:50 IST" name="tearDown" finished-at="2025-09-21T18:34:50 IST" duration-ms="182" status="PASS">
          <reporter-output>
          </reporter-output>
        </test-method> <!-- tearDown -->
        <test-method is-config="true" signature="tearDown()[pri:0, instance:com.darkuros.selenium.tests.ForgotPasswordTest@a37aefe]" started-at="2025-09-21T18:34:51 IST" name="tearDown" finished-at="2025-09-21T18:34:51 IST" duration-ms="297" status="PASS">
          <reporter-output>
          </reporter-output>
        </test-method> <!-- tearDown -->
        <test-method is-config="true" signature="tearDown()[pri:0, instance:com.darkuros.selenium.tests.ForgotPasswordTest@a37aefe]" started-at="2025-09-21T18:34:52 IST" name="tearDown" finished-at="2025-09-21T18:34:52 IST" duration-ms="127" status="PASS">
          <reporter-output>
          </reporter-output>
        </test-method> <!-- tearDown -->
      </class> <!-- com.darkuros.selenium.tests.ForgotPasswordTest -->
      <class name="com.darkuros.selenium.tests.LoginTest">
        <test-method is-config="true" signature="setup()[pri:0, instance:com.darkuros.selenium.tests.LoginTest@658c5a19]" started-at="2025-09-21T18:34:50 IST" name="setup" finished-at="2025-09-21T18:34:54 IST" duration-ms="4401" status="PASS">
          <reporter-output>
          </reporter-output>
        </test-method> <!-- setup -->
        <test-method is-config="true" signature="setup()[pri:0, instance:com.darkuros.selenium.tests.LoginTest@658c5a19]" started-at="2025-09-21T18:34:50 IST" name="setup" finished-at="2025-09-21T18:34:54 IST" duration-ms="3096" status="PASS">
          <reporter-output>
          </reporter-output>
        </test-method> <!-- setup -->
        <test-method is-config="true" signature="setup()[pri:0, instance:com.darkuros.selenium.tests.LoginTest@658c5a19]" started-at="2025-09-21T18:34:51 IST" name="setup" finished-at="2025-09-21T18:34:54 IST" duration-ms="3221" status="PASS">
          <reporter-output>
          </reporter-output>
        </test-method> <!-- setup -->
        <test-method signature="isRegisterLinkWorking()[pri:0, instance:com.darkuros.selenium.tests.LoginTest@658c5a19]" started-at="2025-09-21T18:34:54 IST" name="isRegisterLinkWorking" finished-at="2025-09-21T18:34:55 IST" duration-ms="1154" status="PASS">
          <reporter-output>
          </reporter-output>
        </test-method> <!-- isRegisterLinkWorking -->
        <test-method signature="isForgotPasswordLinkWorking()[pri:0, instance:com.darkuros.selenium.tests.LoginTest@658c5a19]" started-at="2025-09-21T18:34:54 IST" name="isForgotPasswordLinkWorking" finished-at="2025-09-21T18:34:55 IST" duration-ms="1174" status="PASS">
          <reporter-output>
          </reporter-output>
        </test-method> <!-- isForgotPasswordLinkWorking -->
        <test-method signature="loginScenarios(java.lang.String,java.lang.String,java.lang.String,java.lang.String)[pri:0, instance:com.darkuros.selenium.tests.LoginTest@658c5a19]" started-at="2025-09-21T18:34:54 IST" name="loginScenarios" data-provider="loginScenarios" finished-at="2025-09-21T18:34:56 IST" duration-ms="1828" status="PASS">
          <params>
            <param index="0">
              <value>
                <![CDATA[dark@uros.com]]>
              </value>
            </param>
            <param index="1">
              <value>
                <![CDATA[123@Dark]]>
              </value>
            </param>
            <param index="2">
              <value>
                <![CDATA[success]]>
              </value>
            </param>
            <param index="3">
              <value>
                <![CDATA[]]>
              </value>
            </param>
          </params>
          <reporter-output>
          </reporter-output>
        </test-method> <!-- loginScenarios -->
        <test-method is-config="true" signature="tearDown()[pri:0, instance:com.darkuros.selenium.tests.LoginTest@658c5a19]" started-at="2025-09-21T18:34:55 IST" name="tearDown" finished-at="2025-09-21T18:34:55 IST" duration-ms="108" status="PASS">
          <reporter-output>
          </reporter-output>
        </test-method> <!-- tearDown -->
        <test-method is-config="true" signature="tearDown()[pri:0, instance:com.darkuros.selenium.tests.LoginTest@658c5a19]" started-at="2025-09-21T18:34:55 IST" name="tearDown" finished-at="2025-09-21T18:34:55 IST" duration-ms="250" status="PASS">
          <reporter-output>
          </reporter-output>
        </test-method> <!-- tearDown -->
        <test-method is-config="true" signature="tearDown()[pri:0, instance:com.darkuros.selenium.tests.LoginTest@658c5a19]" started-at="2025-09-21T18:34:56 IST" name="tearDown" finished-at="2025-09-21T18:34:56 IST" duration-ms="134" status="PASS">
          <reporter-output>
          </reporter-output>
        </test-method> <!-- tearDown -->
        <test-method is-config="true" signature="setup()[pri:0, instance:com.darkuros.selenium.tests.LoginTest@658c5a19]" started-at="2025-09-21T18:34:56 IST" name="setup" finished-at="2025-09-21T18:34:59 IST" duration-ms="2304" status="PASS">
          <reporter-output>
          </reporter-output>
        </test-method> <!-- setup -->
        <test-method signature="loginScenarios(java.lang.String,java.lang.String,java.lang.String,java.lang.String)[pri:0, instance:com.darkuros.selenium.tests.LoginTest@658c5a19]" started-at="2025-09-21T18:34:59 IST" name="loginScenarios" data-provider="loginScenarios" finished-at="2025-09-21T18:35:00 IST" duration-ms="1312" status="PASS">
          <params>
            <param index="0">
              <value>
                <![CDATA[light@uros.com]]>
              </value>
            </param>
            <param index="1">
              <value>
                <![CDATA[123@Dark]]>
              </value>
            </param>
            <param index="2">
              <value>
                <![CDATA[error]]>
              </value>
            </param>
            <param index="3">
              <value>
                <![CDATA[Incorrect email or password.]]>
              </value>
            </param>
          </params>
          <reporter-output>
          </reporter-output>
        </test-method> <!-- loginScenarios -->
        <test-method is-config="true" signature="tearDown()[pri:0, instance:com.darkuros.selenium.tests.LoginTest@658c5a19]" started-at="2025-09-21T18:35:00 IST" name="tearDown" finished-at="2025-09-21T18:35:00 IST" duration-ms="120" status="PASS">
          <reporter-output>
          </reporter-output>
        </test-method> <!-- tearDown -->
        <test-method is-config="true" signature="setup()[pri:0, instance:com.darkuros.selenium.tests.LoginTest@658c5a19]" started-at="2025-09-21T18:35:00 IST" name="setup" finished-at="2025-09-21T18:35:03 IST" duration-ms="2454" status="PASS">
          <reporter-output>
          </reporter-output>
        </test-method> <!-- setup -->
        <test-method signature="loginScenarios(java.lang.String,java.lang.String,java.lang.String,java.lang.String)[pri:0, instance:com.darkuros.selenium.tests.LoginTest@658c5a19]" started-at="2025-09-21T18:35:03 IST" name="loginScenarios" data-provider="loginScenarios" finished-at="2025-09-21T18:35:04 IST" duration-ms="1425" status="PASS">
          <params>
            <param index="0">
              <value>
                <![CDATA[dark@uros.com]]>
              </value>
            </param>
            <param index="1">
              <value>
                <![CDATA[123@dark]]>
              </value>
            </param>
            <param index="2">
              <value>
                <![CDATA[error]]>
              </value>
            </param>
            <param index="3">
              <value>
                <![CDATA[Incorrect email or password.]]>
              </value>
            </param>
          </params>
          <reporter-output>
          </reporter-output>
        </test-method> <!-- loginScenarios -->
        <test-method is-config="true" signature="tearDown()[pri:0, instance:com.darkuros.selenium.tests.LoginTest@658c5a19]" started-at="2025-09-21T18:35:04 IST" name="tearDown" finished-at="2025-09-21T18:35:04 IST" duration-ms="109" status="PASS">
          <reporter-output>
          </reporter-output>
        </test-method> <!-- tearDown -->
        <test-method is-config="true" signature="setup()[pri:0, instance:com.darkuros.selenium.tests.LoginTest@658c5a19]" started-at="2025-09-21T18:35:04 IST" name="setup" finished-at="2025-09-21T18:35:06 IST" duration-ms="2305" status="PASS">
          <reporter-output>
          </reporter-output>
        </test-method> <!-- setup -->
        <test-method signature="loginScenarios(java.lang.String,java.lang.String,java.lang.String,java.lang.String)[pri:0, instance:com.darkuros.selenium.tests.LoginTest@658c5a19]" started-at="2025-09-21T18:35:06 IST" name="loginScenarios" data-provider="loginScenarios" finished-at="2025-09-21T18:35:08 IST" duration-ms="1363" status="PASS">
          <params>
            <param index="0">
              <value>
                <![CDATA[light@uros.com]]>
              </value>
            </param>
            <param index="1">
              <value>
                <![CDATA[123@dark]]>
              </value>
            </param>
            <param index="2">
              <value>
                <![CDATA[error]]>
              </value>
            </param>
            <param index="3">
              <value>
                <![CDATA[Incorrect email or password.]]>
              </value>
            </param>
          </params>
          <reporter-output>
          </reporter-output>
        </test-method> <!-- loginScenarios -->
        <test-method is-config="true" signature="tearDown()[pri:0, instance:com.darkuros.selenium.tests.LoginTest@658c5a19]" started-at="2025-09-21T18:35:08 IST" name="tearDown" finished-at="2025-09-21T18:35:08 IST" duration-ms="128" status="PASS">
          <reporter-output>
          </reporter-output>
        </test-method> <!-- tearDown -->
      </class> <!-- com.darkuros.selenium.tests.LoginTest -->
    </test> <!-- debug -->
  </suite> <!-- Regression -->
</testng-results>
