<?xml version="1.0" encoding="UTF-8"?>
<testng-results ignored="14" total="15" passed="1" failed="0" skipped="0">
  <reporter-output>
  </reporter-output>
  <suite started-at="2025-09-29T12:15:32 IST" name="Debug" finished-at="2025-09-29T12:15:38 IST" duration-ms="6894">
    <groups>
      <group name="debug">
        <method signature="OrderAnItemTest.submitOrderTest()[pri:0, instance:com.darkuros.selenium.tests.OrderAnItemTest@4167d97b]" name="submitOrderTest" class="com.darkuros.selenium.tests.OrderAnItemTest"/>
      </group> <!-- debug -->
    </groups>
    <test started-at="2025-09-29T12:15:32 IST" name="debug" finished-at="2025-09-29T12:15:38 IST" duration-ms="6894">
      <class name="com.darkuros.selenium.tests.OrderAnItemTest">
        <test-method is-config="true" signature="setup()[pri:0, instance:com.darkuros.selenium.tests.OrderAnItemTest@4167d97b]" started-at="2025-09-29T12:15:32 IST" name="setup" finished-at="2025-09-29T12:15:34 IST" duration-ms="2437" status="PASS">
          <reporter-output>
          </reporter-output>
        </test-method> <!-- setup -->
        <test-method signature="submitOrderTest()[pri:0, instance:com.darkuros.selenium.tests.OrderAnItemTest@4167d97b]" started-at="2025-09-29T12:15:34 IST" name="submitOrderTest" finished-at="2025-09-29T12:15:38 IST" duration-ms="4111" status="PASS">
          <reporter-output>
          </reporter-output>
        </test-method> <!-- submitOrderTest -->
        <test-method is-config="true" signature="tearDown()[pri:0, instance:com.darkuros.selenium.tests.OrderAnItemTest@4167d97b]" started-at="2025-09-29T12:15:38 IST" name="tearDown" finished-at="2025-09-29T12:15:38 IST" duration-ms="128" status="PASS">
          <reporter-output>
          </reporter-output>
        </test-method> <!-- tearDown -->
      </class> <!-- com.darkuros.selenium.tests.OrderAnItemTest -->
    </test> <!-- debug -->
  </suite> <!-- Debug -->
</testng-results>
