<?xml version="1.0" encoding="UTF-8"?>
<testng-results ignored="13" total="15" passed="2" failed="0" skipped="0">
  <reporter-output>
  </reporter-output>
  <suite started-at="2025-10-03T11:11:08 IST" name="Debug" finished-at="2025-10-03T11:11:13 IST" duration-ms="4497">
    <groups>
      <group name="debug">
        <method signature="LoginTest.isForgotPasswordLinkWorking()[pri:0, instance:com.darkuros.selenium.tests.LoginTest@58594a11]" name="isForgotPasswordLinkWorking" class="com.darkuros.selenium.tests.LoginTest"/>
        <method signature="LoginTest.isRegisterLinkWorking()[pri:0, instance:com.darkuros.selenium.tests.LoginTest@58594a11]" name="isRegisterLinkWorking" class="com.darkuros.selenium.tests.LoginTest"/>
      </group> <!-- debug -->
    </groups>
    <test started-at="2025-10-03T11:11:08 IST" name="debug" finished-at="2025-10-03T11:11:13 IST" duration-ms="4497">
      <class name="com.darkuros.selenium.tests.LoginTest">
        <test-method is-config="true" signature="setup()[pri:0, instance:com.darkuros.selenium.tests.LoginTest@58594a11]" started-at="2025-10-03T11:11:08 IST" name="setup" finished-at="2025-10-03T11:11:11 IST" duration-ms="2793" status="PASS">
          <reporter-output>
          </reporter-output>
        </test-method> <!-- setup -->
        <test-method signature="isForgotPasswordLinkWorking()[pri:0, instance:com.darkuros.selenium.tests.LoginTest@58594a11]" started-at="2025-10-03T11:11:11 IST" name="isForgotPasswordLinkWorking" finished-at="2025-10-03T11:11:11 IST" duration-ms="131" status="PASS">
          <reporter-output>
          </reporter-output>
        </test-method> <!-- isForgotPasswordLinkWorking -->
        <test-method is-config="true" signature="tearDown()[pri:0, instance:com.darkuros.selenium.tests.LoginTest@58594a11]" started-at="2025-10-03T11:11:11 IST" name="tearDown" finished-at="2025-10-03T11:11:11 IST" duration-ms="108" status="PASS">
          <reporter-output>
          </reporter-output>
        </test-method> <!-- tearDown -->
        <test-method is-config="true" signature="setup()[pri:0, instance:com.darkuros.selenium.tests.LoginTest@58594a11]" started-at="2025-10-03T11:11:11 IST" name="setup" finished-at="2025-10-03T11:11:12 IST" duration-ms="1029" status="PASS">
          <reporter-output>
          </reporter-output>
        </test-method> <!-- setup -->
        <test-method signature="isRegisterLinkWorking()[pri:0, instance:com.darkuros.selenium.tests.LoginTest@58594a11]" started-at="2025-10-03T11:11:12 IST" name="isRegisterLinkWorking" finished-at="2025-10-03T11:11:13 IST" duration-ms="124" status="PASS">
          <reporter-output>
          </reporter-output>
        </test-method> <!-- isRegisterLinkWorking -->
        <test-method is-config="true" signature="tearDown()[pri:0, instance:com.darkuros.selenium.tests.LoginTest@58594a11]" started-at="2025-10-03T11:11:13 IST" name="tearDown" finished-at="2025-10-03T11:11:13 IST" duration-ms="100" status="PASS">
          <reporter-output>
          </reporter-output>
        </test-method> <!-- tearDown -->
      </class> <!-- com.darkuros.selenium.tests.LoginTest -->
    </test> <!-- debug -->
  </suite> <!-- Debug -->
</testng-results>
