<?xml version="1.0" encoding="UTF-8"?>
<testng-results ignored="6" total="7" passed="1" failed="0" skipped="0">
  <reporter-output>
  </reporter-output>
  <suite started-at="2025-06-17T14:27:37 IST" name="DebugSuite" finished-at="2025-06-17T14:27:39 IST" duration-ms="1858">
    <groups>
      <group name="debug">
        <method signature="ForgotPasswordTest.passwordsDontMatch()[pri:0, instance:com.darkuros.selenium.tests.ForgotPasswordTest@33d512c1]" name="passwordsDontMatch" class="com.darkuros.selenium.tests.ForgotPasswordTest"/>
      </group> <!-- debug -->
    </groups>
    <test started-at="2025-06-17T14:27:37 IST" name="debug" finished-at="2025-06-17T14:27:39 IST" duration-ms="1858">
      <class name="com.darkuros.selenium.tests.ForgotPasswordTest">
        <test-method is-config="true" signature="setup(java.lang.String)[pri:0, instance:com.darkuros.selenium.tests.ForgotPasswordTest@33d512c1]" started-at="2025-06-17T14:27:37 IST" name="setup" finished-at="2025-06-17T14:27:38 IST" duration-ms="1420" status="PASS">
          <params>
            <param index="0">
              <value>
                <![CDATA[https://rahulshettyacademy.com/client/]]>
              </value>
            </param>
          </params>
          <reporter-output>
          </reporter-output>
        </test-method> <!-- setup -->
        <test-method signature="passwordsDontMatch()[pri:0, instance:com.darkuros.selenium.tests.ForgotPasswordTest@33d512c1]" started-at="2025-06-17T14:27:38 IST" name="passwordsDontMatch" finished-at="2025-06-17T14:27:38 IST" duration-ms="296" status="PASS">
          <reporter-output>
          </reporter-output>
        </test-method> <!-- passwordsDontMatch -->
        <test-method is-config="true" signature="tearDown()[pri:0, instance:com.darkuros.selenium.tests.ForgotPasswordTest@33d512c1]" started-at="2025-06-17T14:27:38 IST" name="tearDown" finished-at="2025-06-17T14:27:39 IST" duration-ms="114" status="PASS">
          <reporter-output>
          </reporter-output>
        </test-method> <!-- tearDown -->
      </class> <!-- com.darkuros.selenium.tests.ForgotPasswordTest -->
    </test> <!-- debug -->
  </suite> <!-- DebugSuite -->
</testng-results>
