<?xml version="1.0" encoding="UTF-8"?>
<testng-results ignored="13" total="14" passed="1" failed="0" skipped="0">
  <reporter-output>
  </reporter-output>
  <suite started-at="2025-09-17T10:59:52 IST" name="Debug" finished-at="2025-09-17T10:59:56 IST" duration-ms="4108">
    <groups>
      <group name="debug">
        <method signature="LoginTest.isForgotPasswordLinkWorking()[pri:0, instance:com.darkuros.selenium.tests.LoginTest@14008db3]" name="isForgotPasswordLinkWorking" class="com.darkuros.selenium.tests.LoginTest"/>
      </group> <!-- debug -->
    </groups>
    <test started-at="2025-09-17T10:59:52 IST" name="debug" finished-at="2025-09-17T10:59:56 IST" duration-ms="4108">
      <class name="com.darkuros.selenium.tests.LoginTest">
        <test-method is-config="true" signature="setup()[pri:0, instance:com.darkuros.selenium.tests.LoginTest@14008db3]" started-at="2025-09-17T10:59:52 IST" name="setup" finished-at="2025-09-17T10:59:55 IST" duration-ms="2576" status="PASS">
          <reporter-output>
          </reporter-output>
        </test-method> <!-- setup -->
        <test-method signature="isForgotPasswordLinkWorking()[pri:0, instance:com.darkuros.selenium.tests.LoginTest@14008db3]" started-at="2025-09-17T10:59:55 IST" name="isForgotPasswordLinkWorking" finished-at="2025-09-17T10:59:56 IST" duration-ms="1217" status="PASS">
          <reporter-output>
          </reporter-output>
        </test-method> <!-- isForgotPasswordLinkWorking -->
        <test-method is-config="true" signature="tearDown()[pri:0, instance:com.darkuros.selenium.tests.LoginTest@14008db3]" started-at="2025-09-17T10:59:56 IST" name="tearDown" finished-at="2025-09-17T10:59:56 IST" duration-ms="109" status="PASS">
          <reporter-output>
          </reporter-output>
        </test-method> <!-- tearDown -->
      </class> <!-- com.darkuros.selenium.tests.LoginTest -->
    </test> <!-- debug -->
  </suite> <!-- Debug -->
</testng-results>
