<?xml version="1.0" encoding="UTF-8"?>
<testng-results ignored="6" total="7" passed="1" failed="0" skipped="0">
  <reporter-output>
  </reporter-output>
  <suite started-at="2025-07-05T20:25:38 IST" name="DebugSuite" finished-at="2025-07-05T20:25:51 IST" duration-ms="12879">
    <groups>
      <group name="debug">
        <method signature="ForgotPasswordTest.saveNewPasswordWithValidCredentials()[pri:0, instance:com.darkuros.selenium.tests.ForgotPasswordTest@2438dcd]" name="saveNewPasswordWithValidCredentials" class="com.darkuros.selenium.tests.ForgotPasswordTest"/>
      </group> <!-- debug -->
    </groups>
    <test started-at="2025-07-05T20:25:38 IST" name="debug" finished-at="2025-07-05T20:25:51 IST" duration-ms="12879">
      <class name="com.darkuros.selenium.tests.ForgotPasswordTest">
        <test-method is-config="true" signature="setup()[pri:0, instance:com.darkuros.selenium.tests.ForgotPasswordTest@2438dcd]" started-at="2025-07-05T20:25:38 IST" name="setup" finished-at="2025-07-05T20:25:48 IST" duration-ms="9216" status="PASS">
          <reporter-output>
          </reporter-output>
        </test-method> <!-- setup -->
        <test-method signature="saveNewPasswordWithValidCredentials()[pri:0, instance:com.darkuros.selenium.tests.ForgotPasswordTest@2438dcd]" started-at="2025-07-05T20:25:48 IST" name="saveNewPasswordWithValidCredentials" finished-at="2025-07-05T20:25:48 IST" duration-ms="685" status="PASS">
          <reporter-output>
          </reporter-output>
        </test-method> <!-- saveNewPasswordWithValidCredentials -->
        <test-method is-config="true" signature="tearDown()[pri:0, instance:com.darkuros.selenium.tests.ForgotPasswordTest@2438dcd]" started-at="2025-07-05T20:25:48 IST" name="tearDown" finished-at="2025-07-05T20:25:51 IST" duration-ms="2944" status="PASS">
          <reporter-output>
          </reporter-output>
        </test-method> <!-- tearDown -->
      </class> <!-- com.darkuros.selenium.tests.ForgotPasswordTest -->
    </test> <!-- debug -->
  </suite> <!-- DebugSuite -->
</testng-results>
