<?xml version="1.0" encoding="UTF-8"?>
<testng-results retried="1" ignored="0" total="18" passed="17" failed="0" skipped="0">
  <reporter-output>
  </reporter-output>
  <suite started-at="2025-09-16T09:30:17 IST" name="Regression" finished-at="2025-09-16T09:30:47 IST" duration-ms="30291">
    <groups>
      <group name="debug">
        <method signature="LoginTest.loginScenarios(java.lang.String,java.lang.String,java.lang.String,java.lang.String)[pri:0, instance:com.darkuros.selenium.tests.LoginTest@2a225dd7]" name="loginScenarios" class="com.darkuros.selenium.tests.LoginTest"/>
      </group> <!-- debug -->
    </groups>
    <test started-at="2025-09-16T09:30:17 IST" name="debug" finished-at="2025-09-16T09:30:47 IST" duration-ms="30291">
      <class name="com.darkuros.selenium.tests.RegisterTest">
        <test-method is-config="true" signature="setup()[pri:0, instance:com.darkuros.selenium.tests.RegisterTest@61eaec38]" started-at="2025-09-16T09:30:28 IST" name="setup" finished-at="2025-09-16T09:30:30 IST" duration-ms="2042" status="PASS">
          <reporter-output>
          </reporter-output>
        </test-method> <!-- setup -->
        <test-method is-config="true" signature="setup()[pri:0, instance:com.darkuros.selenium.tests.RegisterTest@61eaec38]" started-at="2025-09-16T09:30:28 IST" name="setup" finished-at="2025-09-16T09:30:31 IST" duration-ms="2785" status="PASS">
          <reporter-output>
          </reporter-output>
        </test-method> <!-- setup -->
        <test-method is-config="true" signature="setup()[pri:0, instance:com.darkuros.selenium.tests.RegisterTest@61eaec38]" started-at="2025-09-16T09:30:30 IST" name="setup" finished-at="2025-09-16T09:30:32 IST" duration-ms="2698" status="PASS">
          <reporter-output>
          </reporter-output>
        </test-method> <!-- setup -->
        <test-method signature="clickRegisterWithEmptyForm()[pri:0, instance:com.darkuros.selenium.tests.RegisterTest@61eaec38]" started-at="2025-09-16T09:30:30 IST" name="clickRegisterWithEmptyForm" finished-at="2025-09-16T09:30:31 IST" duration-ms="1489" status="PASS">
          <reporter-output>
          </reporter-output>
        </test-method> <!-- clickRegisterWithEmptyForm -->
        <test-method signature="passwordLessThan8Chars(com.darkuros.selenium.models.UserTestData)[pri:0, instance:com.darkuros.selenium.tests.RegisterTest@61eaec38]" started-at="2025-09-16T09:30:31 IST" name="passwordLessThan8Chars" data-provider="registrationData" finished-at="2025-09-16T09:30:33 IST" duration-ms="2144" status="PASS">
          <params>
            <param index="0">
              <value>
                <![CDATA[com.darkuros.selenium.models.UserTestData@58e80294]]>
              </value>
            </param>
          </params>
          <reporter-output>
          </reporter-output>
        </test-method> <!-- passwordLessThan8Chars -->
        <test-method is-config="true" signature="tearDown()[pri:0, instance:com.darkuros.selenium.tests.RegisterTest@61eaec38]" started-at="2025-09-16T09:30:31 IST" name="tearDown" finished-at="2025-09-16T09:30:32 IST" duration-ms="140" status="PASS">
          <reporter-output>
          </reporter-output>
        </test-method> <!-- tearDown -->
        <test-method is-config="true" signature="setup()[pri:0, instance:com.darkuros.selenium.tests.RegisterTest@61eaec38]" started-at="2025-09-16T09:30:32 IST" name="setup" finished-at="2025-09-16T09:30:34 IST" duration-ms="2013" status="PASS">
          <reporter-output>
          </reporter-output>
        </test-method> <!-- setup -->
        <test-method signature="registerUserWithOnlyRequiredFields(com.darkuros.selenium.models.UserTestData)[pri:0, instance:com.darkuros.selenium.tests.RegisterTest@61eaec38]" started-at="2025-09-16T09:30:32 IST" name="registerUserWithOnlyRequiredFields" data-provider="registrationData" finished-at="2025-09-16T09:30:35 IST" duration-ms="2440" status="PASS">
          <params>
            <param index="0">
              <value>
                <![CDATA[com.darkuros.selenium.models.UserTestData@5cd720d5]]>
              </value>
            </param>
          </params>
          <reporter-output>
          </reporter-output>
        </test-method> <!-- registerUserWithOnlyRequiredFields -->
        <test-method is-config="true" signature="tearDown()[pri:0, instance:com.darkuros.selenium.tests.RegisterTest@61eaec38]" started-at="2025-09-16T09:30:33 IST" name="tearDown" finished-at="2025-09-16T09:30:33 IST" duration-ms="108" status="PASS">
          <reporter-output>
          </reporter-output>
        </test-method> <!-- tearDown -->
        <test-method signature="registerUserWithValidDetails(com.darkuros.selenium.models.UserTestData)[pri:0, instance:com.darkuros.selenium.tests.RegisterTest@61eaec38]" started-at="2025-09-16T09:30:34 IST" name="registerUserWithValidDetails" data-provider="registrationData" finished-at="2025-09-16T09:30:36 IST" duration-ms="2087" status="PASS">
          <params>
            <param index="0">
              <value>
                <![CDATA[com.darkuros.selenium.models.UserTestData@3c7d4c6e]]>
              </value>
            </param>
          </params>
          <reporter-output>
          </reporter-output>
        </test-method> <!-- registerUserWithValidDetails -->
        <test-method is-config="true" signature="tearDown()[pri:0, instance:com.darkuros.selenium.tests.RegisterTest@61eaec38]" started-at="2025-09-16T09:30:35 IST" name="tearDown" finished-at="2025-09-16T09:30:35 IST" duration-ms="126" status="PASS">
          <reporter-output>
          </reporter-output>
        </test-method> <!-- tearDown -->
        <test-method is-config="true" signature="tearDown()[pri:0, instance:com.darkuros.selenium.tests.RegisterTest@61eaec38]" started-at="2025-09-16T09:30:36 IST" name="tearDown" finished-at="2025-09-16T09:30:36 IST" duration-ms="100" status="PASS">
          <reporter-output>
          </reporter-output>
        </test-method> <!-- tearDown -->
      </class> <!-- com.darkuros.selenium.tests.RegisterTest -->
      <class name="com.darkuros.selenium.tests.ForgotPasswordTest">
        <test-method is-config="true" signature="setup()[pri:0, instance:com.darkuros.selenium.tests.ForgotPasswordTest@704deff2]" started-at="2025-09-16T09:30:17 IST" name="setup" finished-at="2025-09-16T09:30:22 IST" duration-ms="4180" status="PASS">
          <reporter-output>
          </reporter-output>
        </test-method> <!-- setup -->
        <test-method is-config="true" signature="setup()[pri:0, instance:com.darkuros.selenium.tests.ForgotPasswordTest@704deff2]" started-at="2025-09-16T09:30:17 IST" name="setup" finished-at="2025-09-16T09:30:22 IST" duration-ms="4308" status="PASS">
          <reporter-output>
          </reporter-output>
        </test-method> <!-- setup -->
        <test-method is-config="true" signature="setup()[pri:0, instance:com.darkuros.selenium.tests.ForgotPasswordTest@704deff2]" started-at="2025-09-16T09:30:17 IST" name="setup" finished-at="2025-09-16T09:30:20 IST" duration-ms="2475" status="PASS">
          <reporter-output>
          </reporter-output>
        </test-method> <!-- setup -->
        <test-method is-config="true" signature="setup()[pri:0, instance:com.darkuros.selenium.tests.ForgotPasswordTest@704deff2]" started-at="2025-09-16T09:30:17 IST" name="setup" finished-at="2025-09-16T09:30:22 IST" duration-ms="4212" status="PASS">
          <reporter-output>
          </reporter-output>
        </test-method> <!-- setup -->
        <test-method signature="emptyConfirmPassword()[pri:0, instance:com.darkuros.selenium.tests.ForgotPasswordTest@704deff2]" started-at="2025-09-16T09:30:20 IST" name="emptyConfirmPassword" finished-at="2025-09-16T09:30:21 IST" duration-ms="1565" status="PASS">
          <reporter-output>
          </reporter-output>
        </test-method> <!-- emptyConfirmPassword -->
        <test-method is-config="true" signature="tearDown()[pri:0, instance:com.darkuros.selenium.tests.ForgotPasswordTest@704deff2]" started-at="2025-09-16T09:30:21 IST" name="tearDown" finished-at="2025-09-16T09:30:22 IST" duration-ms="119" status="PASS">
          <reporter-output>
          </reporter-output>
        </test-method> <!-- tearDown -->
        <test-method is-config="true" signature="setup()[pri:0, instance:com.darkuros.selenium.tests.ForgotPasswordTest@704deff2]" started-at="2025-09-16T09:30:22 IST" name="setup" finished-at="2025-09-16T09:30:25 IST" duration-ms="3229" status="PASS">
          <reporter-output>
          </reporter-output>
        </test-method> <!-- setup -->
        <test-method signature="emptyPassword()[pri:0, instance:com.darkuros.selenium.tests.ForgotPasswordTest@704deff2]" started-at="2025-09-16T09:30:22 IST" name="emptyPassword" finished-at="2025-09-16T09:30:23 IST" duration-ms="1621" status="PASS">
          <reporter-output>
          </reporter-output>
        </test-method> <!-- emptyPassword -->
        <test-method signature="emptyPasswordAndConfirmPassword()[pri:0, instance:com.darkuros.selenium.tests.ForgotPasswordTest@704deff2]" started-at="2025-09-16T09:30:22 IST" name="emptyPasswordAndConfirmPassword" finished-at="2025-09-16T09:30:23 IST" duration-ms="1592" status="PASS">
          <reporter-output>
          </reporter-output>
        </test-method> <!-- emptyPasswordAndConfirmPassword -->
        <test-method signature="emptyEmail()[pri:0, instance:com.darkuros.selenium.tests.ForgotPasswordTest@704deff2]" started-at="2025-09-16T09:30:22 IST" name="emptyEmail" finished-at="2025-09-16T09:30:23 IST" duration-ms="1588" status="PASS">
          <reporter-output>
          </reporter-output>
        </test-method> <!-- emptyEmail -->
        <test-method is-config="true" signature="tearDown()[pri:0, instance:com.darkuros.selenium.tests.ForgotPasswordTest@704deff2]" started-at="2025-09-16T09:30:23 IST" name="tearDown" finished-at="2025-09-16T09:30:23 IST" duration-ms="167" status="PASS">
          <reporter-output>
          </reporter-output>
        </test-method> <!-- tearDown -->
        <test-method is-config="true" signature="tearDown()[pri:0, instance:com.darkuros.selenium.tests.ForgotPasswordTest@704deff2]" started-at="2025-09-16T09:30:23 IST" name="tearDown" finished-at="2025-09-16T09:30:23 IST" duration-ms="163" status="PASS">
          <reporter-output>
          </reporter-output>
        </test-method> <!-- tearDown -->
        <test-method is-config="true" signature="tearDown()[pri:0, instance:com.darkuros.selenium.tests.ForgotPasswordTest@704deff2]" started-at="2025-09-16T09:30:23 IST" name="tearDown" finished-at="2025-09-16T09:30:23 IST" duration-ms="106" status="PASS">
          <reporter-output>
          </reporter-output>
        </test-method> <!-- tearDown -->
        <test-method is-config="true" signature="setup()[pri:0, instance:com.darkuros.selenium.tests.ForgotPasswordTest@704deff2]" started-at="2025-09-16T09:30:23 IST" name="setup" finished-at="2025-09-16T09:30:26 IST" duration-ms="2199" status="PASS">
          <reporter-output>
          </reporter-output>
        </test-method> <!-- setup -->
        <test-method is-config="true" signature="setup()[pri:0, instance:com.darkuros.selenium.tests.ForgotPasswordTest@704deff2]" started-at="2025-09-16T09:30:23 IST" name="setup" finished-at="2025-09-16T09:30:26 IST" duration-ms="2341" status="PASS">
          <reporter-output>
          </reporter-output>
        </test-method> <!-- setup -->
        <test-method signature="invalidEmail()[pri:0, instance:com.darkuros.selenium.tests.ForgotPasswordTest@704deff2]" started-at="2025-09-16T09:30:25 IST" name="invalidEmail" finished-at="2025-09-16T09:30:26 IST" duration-ms="1481" status="PASS">
          <reporter-output>
          </reporter-output>
        </test-method> <!-- invalidEmail -->
        <test-method signature="passwordsDontMatch()[pri:0, instance:com.darkuros.selenium.tests.ForgotPasswordTest@704deff2]" started-at="2025-09-16T09:30:26 IST" name="passwordsDontMatch" finished-at="2025-09-16T09:30:27 IST" duration-ms="1546" status="PASS">
          <reporter-output>
          </reporter-output>
        </test-method> <!-- passwordsDontMatch -->
        <test-method signature="saveNewPasswordWithValidCredentials()[pri:0, instance:com.darkuros.selenium.tests.ForgotPasswordTest@704deff2]" started-at="2025-09-16T09:30:26 IST" name="saveNewPasswordWithValidCredentials" finished-at="2025-09-16T09:30:28 IST" duration-ms="2059" status="PASS">
          <reporter-output>
          </reporter-output>
        </test-method> <!-- saveNewPasswordWithValidCredentials -->
        <test-method is-config="true" signature="tearDown()[pri:0, instance:com.darkuros.selenium.tests.ForgotPasswordTest@704deff2]" started-at="2025-09-16T09:30:26 IST" name="tearDown" finished-at="2025-09-16T09:30:26 IST" duration-ms="90" status="PASS">
          <reporter-output>
          </reporter-output>
        </test-method> <!-- tearDown -->
        <test-method is-config="true" signature="tearDown()[pri:0, instance:com.darkuros.selenium.tests.ForgotPasswordTest@704deff2]" started-at="2025-09-16T09:30:27 IST" name="tearDown" finished-at="2025-09-16T09:30:27 IST" duration-ms="134" status="PASS">
          <reporter-output>
          </reporter-output>
        </test-method> <!-- tearDown -->
        <test-method is-config="true" signature="tearDown()[pri:0, instance:com.darkuros.selenium.tests.ForgotPasswordTest@704deff2]" started-at="2025-09-16T09:30:28 IST" name="tearDown" finished-at="2025-09-16T09:30:28 IST" duration-ms="142" status="PASS">
          <reporter-output>
          </reporter-output>
        </test-method> <!-- tearDown -->
      </class> <!-- com.darkuros.selenium.tests.ForgotPasswordTest -->
      <class name="com.darkuros.selenium.tests.LoginTest">
        <test-method is-config="true" signature="setup()[pri:0, instance:com.darkuros.selenium.tests.LoginTest@2a225dd7]" started-at="2025-09-16T09:30:23 IST" name="setup" finished-at="2025-09-16T09:30:27 IST" duration-ms="3276" status="PASS">
          <reporter-output>
          </reporter-output>
        </test-method> <!-- setup -->
        <test-method is-config="true" signature="setup()[pri:0, instance:com.darkuros.selenium.tests.LoginTest@2a225dd7]" started-at="2025-09-16T09:30:26 IST" name="setup" finished-at="2025-09-16T09:30:28 IST" duration-ms="1802" status="PASS">
          <reporter-output>
          </reporter-output>
        </test-method> <!-- setup -->
        <test-method signature="isForgotPasswordLinkWorking()[pri:0, instance:com.darkuros.selenium.tests.LoginTest@2a225dd7]" started-at="2025-09-16T09:30:27 IST" name="isForgotPasswordLinkWorking" finished-at="2025-09-16T09:30:28 IST" duration-ms="1189" status="PASS">
          <reporter-output>
          </reporter-output>
        </test-method> <!-- isForgotPasswordLinkWorking -->
        <test-method is-config="true" signature="setup()[pri:0, instance:com.darkuros.selenium.tests.LoginTest@2a225dd7]" started-at="2025-09-16T09:30:27 IST" name="setup" finished-at="2025-09-16T09:30:30 IST" duration-ms="2872" status="PASS">
          <reporter-output>
          </reporter-output>
        </test-method> <!-- setup -->
        <test-method is-config="true" signature="tearDown()[pri:0, instance:com.darkuros.selenium.tests.LoginTest@2a225dd7]" started-at="2025-09-16T09:30:28 IST" name="tearDown" finished-at="2025-09-16T09:30:28 IST" duration-ms="118" status="PASS">
          <reporter-output>
          </reporter-output>
        </test-method> <!-- tearDown -->
        <test-method signature="isRegisterLinkWorking()[pri:0, instance:com.darkuros.selenium.tests.LoginTest@2a225dd7]" started-at="2025-09-16T09:30:28 IST" name="isRegisterLinkWorking" finished-at="2025-09-16T09:30:29 IST" duration-ms="1274" status="PASS">
          <reporter-output>
          </reporter-output>
        </test-method> <!-- isRegisterLinkWorking -->
        <test-method is-config="true" signature="tearDown()[pri:0, instance:com.darkuros.selenium.tests.LoginTest@2a225dd7]" started-at="2025-09-16T09:30:29 IST" name="tearDown" finished-at="2025-09-16T09:30:30 IST" duration-ms="122" status="PASS">
          <reporter-output>
          </reporter-output>
        </test-method> <!-- tearDown -->
        <test-method signature="loginScenarios(java.lang.String,java.lang.String,java.lang.String,java.lang.String)[pri:0, instance:com.darkuros.selenium.tests.LoginTest@2a225dd7]" started-at="2025-09-16T09:30:30 IST" name="loginScenarios" data-provider="loginScenarios" finished-at="2025-09-16T09:30:32 IST" duration-ms="1833" status="PASS">
          <params>
            <param index="0">
              <value>
                <![CDATA[dark@uros.com]]>
              </value>
            </param>
            <param index="1">
              <value>
                <![CDATA[123@Dark]]>
              </value>
            </param>
            <param index="2">
              <value>
                <![CDATA[success]]>
              </value>
            </param>
            <param index="3">
              <value>
                <![CDATA[]]>
              </value>
            </param>
          </params>
          <reporter-output>
          </reporter-output>
        </test-method> <!-- loginScenarios -->
        <test-method is-config="true" signature="tearDown()[pri:0, instance:com.darkuros.selenium.tests.LoginTest@2a225dd7]" started-at="2025-09-16T09:30:32 IST" name="tearDown" finished-at="2025-09-16T09:30:32 IST" duration-ms="268" status="PASS">
          <reporter-output>
          </reporter-output>
        </test-method> <!-- tearDown -->
        <test-method is-config="true" signature="setup()[pri:0, instance:com.darkuros.selenium.tests.LoginTest@2a225dd7]" started-at="2025-09-16T09:30:32 IST" name="setup" finished-at="2025-09-16T09:30:34 IST" duration-ms="1882" status="PASS">
          <reporter-output>
          </reporter-output>
        </test-method> <!-- setup -->
        <test-method signature="loginScenarios(java.lang.String,java.lang.String,java.lang.String,java.lang.String)[pri:0, instance:com.darkuros.selenium.tests.LoginTest@2a225dd7]" started-at="2025-09-16T09:30:34 IST" name="loginScenarios" data-provider="loginScenarios" finished-at="2025-09-16T09:30:35 IST" duration-ms="1399" status="PASS">
          <params>
            <param index="0">
              <value>
                <![CDATA[light@uros.com]]>
              </value>
            </param>
            <param index="1">
              <value>
                <![CDATA[123@Dark]]>
              </value>
            </param>
            <param index="2">
              <value>
                <![CDATA[error]]>
              </value>
            </param>
            <param index="3">
              <value>
                <![CDATA[Incorrect email or password.]]>
              </value>
            </param>
          </params>
          <reporter-output>
          </reporter-output>
        </test-method> <!-- loginScenarios -->
        <test-method is-config="true" signature="tearDown()[pri:0, instance:com.darkuros.selenium.tests.LoginTest@2a225dd7]" started-at="2025-09-16T09:30:36 IST" name="tearDown" finished-at="2025-09-16T09:30:36 IST" duration-ms="106" status="PASS">
          <reporter-output>
          </reporter-output>
        </test-method> <!-- tearDown -->
        <test-method is-config="true" signature="setup()[pri:0, instance:com.darkuros.selenium.tests.LoginTest@2a225dd7]" started-at="2025-09-16T09:30:36 IST" name="setup" finished-at="2025-09-16T09:30:38 IST" duration-ms="1960" status="PASS">
          <reporter-output>
          </reporter-output>
        </test-method> <!-- setup -->
        <test-method retried="true" signature="loginScenarios(java.lang.String,java.lang.String,java.lang.String,java.lang.String)[pri:0, instance:com.darkuros.selenium.tests.LoginTest@2a225dd7]" started-at="2025-09-16T09:30:38 IST" name="loginScenarios" data-provider="loginScenarios" finished-at="2025-09-16T09:30:39 IST" duration-ms="1432" status="SKIP">
          <params>
            <param index="0">
              <value>
                <![CDATA[dark@uros.com]]>
              </value>
            </param>
            <param index="1">
              <value>
                <![CDATA[123@dark]]>
              </value>
            </param>
            <param index="2">
              <value>
                <![CDATA[error]]>
              </value>
            </param>
            <param index="3">
              <value>
                <![CDATA[Incorrect email or password.]]>
              </value>
            </param>
          </params>
          <exception class="java.lang.AssertionError">
            <message>
              <![CDATA[expected [Incorrect email or password.] but found []]]>
            </message>
            <full-stacktrace>
              <![CDATA[java.lang.AssertionError: expected [Incorrect email or password.] but found []
at org.testng.Assert.fail(Assert.java:111)
at org.testng.Assert.failNotEquals(Assert.java:1590)
at org.testng.Assert.assertEqualsImpl(Assert.java:150)
at org.testng.Assert.assertEquals(Assert.java:132)
at org.testng.Assert.assertEquals(Assert.java:656)
at org.testng.Assert.assertEquals(Assert.java:666)
at com.darkuros.selenium.tests.LoginTest.loginScenarios(LoginTest.java:40)
at java.base/jdk.internal.reflect.DirectMethodHandleAccessor.invoke(DirectMethodHandleAccessor.java:103)
at java.base/java.lang.reflect.Method.invoke(Method.java:580)
at org.testng.internal.invokers.MethodInvocationHelper.invokeMethod(MethodInvocationHelper.java:141)
at org.testng.internal.invokers.TestInvoker.invokeMethod(TestInvoker.java:687)
at org.testng.internal.invokers.TestInvoker.invokeTestMethod(TestInvoker.java:230)
at org.testng.internal.invokers.MethodRunner.runInSequence(MethodRunner.java:63)
at org.testng.internal.invokers.TestInvoker$MethodInvocationAgent.invoke(TestInvoker.java:995)
at org.testng.internal.invokers.TestInvoker.invokeTestMethods(TestInvoker.java:203)
at org.testng.internal.invokers.TestMethodWorker.invokeTestMethods(TestMethodWorker.java:154)
at org.testng.internal.invokers.TestMethodWorker.run(TestMethodWorker.java:134)
at java.base/java.util.concurrent.Executors$RunnableAdapter.call(Executors.java:572)
at java.base/java.util.concurrent.FutureTask.run(FutureTask.java:317)
at org.testng.internal.thread.graph.TestNGFutureTask.run(TestNGFutureTask.java:22)
at java.base/java.util.concurrent.ThreadPoolExecutor.runWorker(ThreadPoolExecutor.java:1144)
at java.base/java.util.concurrent.ThreadPoolExecutor$Worker.run(ThreadPoolExecutor.java:642)
at java.base/java.lang.Thread.run(Thread.java:1583)
]]>
            </full-stacktrace>
          </exception> <!-- java.lang.AssertionError -->
          <reporter-output>
          </reporter-output>
        </test-method> <!-- loginScenarios -->
        <test-method is-config="true" signature="tearDown()[pri:0, instance:com.darkuros.selenium.tests.LoginTest@2a225dd7]" started-at="2025-09-16T09:30:39 IST" name="tearDown" finished-at="2025-09-16T09:30:39 IST" duration-ms="106" status="PASS">
          <reporter-output>
          </reporter-output>
        </test-method> <!-- tearDown -->
        <test-method is-config="true" signature="setup()[pri:0, instance:com.darkuros.selenium.tests.LoginTest@2a225dd7]" started-at="2025-09-16T09:30:39 IST" name="setup" finished-at="2025-09-16T09:30:42 IST" duration-ms="2460" status="PASS">
          <reporter-output>
          </reporter-output>
        </test-method> <!-- setup -->
        <test-method signature="loginScenarios(java.lang.String,java.lang.String,java.lang.String,java.lang.String)[pri:0, instance:com.darkuros.selenium.tests.LoginTest@2a225dd7]" started-at="2025-09-16T09:30:42 IST" name="loginScenarios" data-provider="loginScenarios" finished-at="2025-09-16T09:30:43 IST" duration-ms="1445" status="PASS">
          <params>
            <param index="0">
              <value>
                <![CDATA[dark@uros.com]]>
              </value>
            </param>
            <param index="1">
              <value>
                <![CDATA[123@dark]]>
              </value>
            </param>
            <param index="2">
              <value>
                <![CDATA[error]]>
              </value>
            </param>
            <param index="3">
              <value>
                <![CDATA[Incorrect email or password.]]>
              </value>
            </param>
          </params>
          <reporter-output>
          </reporter-output>
        </test-method> <!-- loginScenarios -->
        <test-method is-config="true" signature="tearDown()[pri:0, instance:com.darkuros.selenium.tests.LoginTest@2a225dd7]" started-at="2025-09-16T09:30:43 IST" name="tearDown" finished-at="2025-09-16T09:30:43 IST" duration-ms="107" status="PASS">
          <reporter-output>
          </reporter-output>
        </test-method> <!-- tearDown -->
        <test-method is-config="true" signature="setup()[pri:0, instance:com.darkuros.selenium.tests.LoginTest@2a225dd7]" started-at="2025-09-16T09:30:43 IST" name="setup" finished-at="2025-09-16T09:30:46 IST" duration-ms="2910" status="PASS">
          <reporter-output>
          </reporter-output>
        </test-method> <!-- setup -->
        <test-method signature="loginScenarios(java.lang.String,java.lang.String,java.lang.String,java.lang.String)[pri:0, instance:com.darkuros.selenium.tests.LoginTest@2a225dd7]" started-at="2025-09-16T09:30:46 IST" name="loginScenarios" data-provider="loginScenarios" finished-at="2025-09-16T09:30:47 IST" duration-ms="1355" status="PASS">
          <params>
            <param index="0">
              <value>
                <![CDATA[light@uros.com]]>
              </value>
            </param>
            <param index="1">
              <value>
                <![CDATA[123@dark]]>
              </value>
            </param>
            <param index="2">
              <value>
                <![CDATA[error]]>
              </value>
            </param>
            <param index="3">
              <value>
                <![CDATA[Incorrect email or password.]]>
              </value>
            </param>
          </params>
          <reporter-output>
          </reporter-output>
        </test-method> <!-- loginScenarios -->
        <test-method is-config="true" signature="tearDown()[pri:0, instance:com.darkuros.selenium.tests.LoginTest@2a225dd7]" started-at="2025-09-16T09:30:47 IST" name="tearDown" finished-at="2025-09-16T09:30:47 IST" duration-ms="94" status="PASS">
          <reporter-output>
          </reporter-output>
        </test-method> <!-- tearDown -->
      </class> <!-- com.darkuros.selenium.tests.LoginTest -->
    </test> <!-- debug -->
  </suite> <!-- Regression -->
</testng-results>
