<?xml version="1.0" encoding="UTF-8"?>
<testng-results ignored="0" total="17" passed="17" failed="0" skipped="0">
  <reporter-output>
  </reporter-output>
  <suite started-at="2025-09-27T18:46:23 IST" name="Regression" finished-at="2025-09-27T18:46:51 IST" duration-ms="28145">
    <groups>
    </groups>
    <test started-at="2025-09-27T18:46:23 IST" name="debug" finished-at="2025-09-27T18:46:51 IST" duration-ms="28145">
      <class name="com.darkuros.selenium.tests.RegisterTest">
        <test-method is-config="true" signature="setup()[pri:0, instance:com.darkuros.selenium.tests.RegisterTest@78a773fd]" started-at="2025-09-27T18:46:35 IST" name="setup" finished-at="2025-09-27T18:46:38 IST" duration-ms="3139" status="PASS">
          <reporter-output>
          </reporter-output>
        </test-method> <!-- setup -->
        <test-method is-config="true" signature="setup()[pri:0, instance:com.darkuros.selenium.tests.RegisterTest@78a773fd]" started-at="2025-09-27T18:46:36 IST" name="setup" finished-at="2025-09-27T18:46:40 IST" duration-ms="4160" status="PASS">
          <reporter-output>
          </reporter-output>
        </test-method> <!-- setup -->
        <test-method is-config="true" signature="setup()[pri:0, instance:com.darkuros.selenium.tests.RegisterTest@78a773fd]" started-at="2025-09-27T18:46:37 IST" name="setup" finished-at="2025-09-27T18:46:39 IST" duration-ms="1962" status="PASS">
          <reporter-output>
          </reporter-output>
        </test-method> <!-- setup -->
        <test-method signature="clickRegisterWithEmptyForm()[pri:0, instance:com.darkuros.selenium.tests.RegisterTest@78a773fd]" started-at="2025-09-27T18:46:38 IST" name="clickRegisterWithEmptyForm" finished-at="2025-09-27T18:46:40 IST" duration-ms="1490" status="PASS">
          <reporter-output>
          </reporter-output>
        </test-method> <!-- clickRegisterWithEmptyForm -->
        <test-method signature="registerUserWithOnlyRequiredFields(com.darkuros.selenium.models.UserTestData)[pri:0, instance:com.darkuros.selenium.tests.RegisterTest@78a773fd]" started-at="2025-09-27T18:46:39 IST" name="registerUserWithOnlyRequiredFields" data-provider="registrationData" finished-at="2025-09-27T18:46:41 IST" duration-ms="1918" status="PASS">
          <params>
            <param index="0">
              <value>
                <![CDATA[com.darkuros.selenium.models.UserTestData@2a8d6cc6]]>
              </value>
            </param>
          </params>
          <reporter-output>
          </reporter-output>
        </test-method> <!-- registerUserWithOnlyRequiredFields -->
        <test-method is-config="true" signature="tearDown()[pri:0, instance:com.darkuros.selenium.tests.RegisterTest@78a773fd]" started-at="2025-09-27T18:46:40 IST" name="tearDown" finished-at="2025-09-27T18:46:40 IST" duration-ms="130" status="PASS">
          <reporter-output>
          </reporter-output>
        </test-method> <!-- tearDown -->
        <test-method is-config="true" signature="setup()[pri:0, instance:com.darkuros.selenium.tests.RegisterTest@78a773fd]" started-at="2025-09-27T18:46:40 IST" name="setup" finished-at="2025-09-27T18:46:42 IST" duration-ms="2281" status="PASS">
          <reporter-output>
          </reporter-output>
        </test-method> <!-- setup -->
        <test-method signature="passwordLessThan8Chars(com.darkuros.selenium.models.UserTestData)[pri:0, instance:com.darkuros.selenium.tests.RegisterTest@78a773fd]" started-at="2025-09-27T18:46:40 IST" name="passwordLessThan8Chars" data-provider="registrationData" finished-at="2025-09-27T18:46:42 IST" duration-ms="1977" status="PASS">
          <params>
            <param index="0">
              <value>
                <![CDATA[com.darkuros.selenium.models.UserTestData@11f7f61]]>
              </value>
            </param>
          </params>
          <reporter-output>
          </reporter-output>
        </test-method> <!-- passwordLessThan8Chars -->
        <test-method is-config="true" signature="tearDown()[pri:0, instance:com.darkuros.selenium.tests.RegisterTest@78a773fd]" started-at="2025-09-27T18:46:41 IST" name="tearDown" finished-at="2025-09-27T18:46:41 IST" duration-ms="106" status="PASS">
          <reporter-output>
          </reporter-output>
        </test-method> <!-- tearDown -->
        <test-method is-config="true" signature="tearDown()[pri:0, instance:com.darkuros.selenium.tests.RegisterTest@78a773fd]" started-at="2025-09-27T18:46:42 IST" name="tearDown" finished-at="2025-09-27T18:46:42 IST" duration-ms="128" status="PASS">
          <reporter-output>
          </reporter-output>
        </test-method> <!-- tearDown -->
        <test-method signature="registerUserWithValidDetails(com.darkuros.selenium.models.UserTestData)[pri:0, instance:com.darkuros.selenium.tests.RegisterTest@78a773fd]" started-at="2025-09-27T18:46:42 IST" name="registerUserWithValidDetails" data-provider="registrationData" finished-at="2025-09-27T18:46:44 IST" duration-ms="2018" status="PASS">
          <params>
            <param index="0">
              <value>
                <![CDATA[com.darkuros.selenium.models.UserTestData@4a23b2c9]]>
              </value>
            </param>
          </params>
          <reporter-output>
          </reporter-output>
        </test-method> <!-- registerUserWithValidDetails -->
        <test-method is-config="true" signature="tearDown()[pri:0, instance:com.darkuros.selenium.tests.RegisterTest@78a773fd]" started-at="2025-09-27T18:46:44 IST" name="tearDown" finished-at="2025-09-27T18:46:44 IST" duration-ms="121" status="PASS">
          <reporter-output>
          </reporter-output>
        </test-method> <!-- tearDown -->
      </class> <!-- com.darkuros.selenium.tests.RegisterTest -->
      <class name="com.darkuros.selenium.tests.ForgotPasswordTest">
        <test-method is-config="true" signature="setup()[pri:0, instance:com.darkuros.selenium.tests.ForgotPasswordTest@6a57ae10]" started-at="2025-09-27T18:46:23 IST" name="setup" finished-at="2025-09-27T18:46:27 IST" duration-ms="4397" status="PASS">
          <reporter-output>
          </reporter-output>
        </test-method> <!-- setup -->
        <test-method is-config="true" signature="setup()[pri:0, instance:com.darkuros.selenium.tests.ForgotPasswordTest@6a57ae10]" started-at="2025-09-27T18:46:23 IST" name="setup" finished-at="2025-09-27T18:46:28 IST" duration-ms="5564" status="PASS">
          <reporter-output>
          </reporter-output>
        </test-method> <!-- setup -->
        <test-method is-config="true" signature="setup()[pri:0, instance:com.darkuros.selenium.tests.ForgotPasswordTest@6a57ae10]" started-at="2025-09-27T18:46:23 IST" name="setup" finished-at="2025-09-27T18:46:29 IST" duration-ms="6076" status="PASS">
          <reporter-output>
          </reporter-output>
        </test-method> <!-- setup -->
        <test-method is-config="true" signature="setup()[pri:0, instance:com.darkuros.selenium.tests.ForgotPasswordTest@6a57ae10]" started-at="2025-09-27T18:46:23 IST" name="setup" finished-at="2025-09-27T18:46:28 IST" duration-ms="5133" status="PASS">
          <reporter-output>
          </reporter-output>
        </test-method> <!-- setup -->
        <test-method signature="emptyEmail()[pri:0, instance:com.darkuros.selenium.tests.ForgotPasswordTest@6a57ae10]" started-at="2025-09-27T18:46:27 IST" name="emptyEmail" finished-at="2025-09-27T18:46:29 IST" duration-ms="1566" status="PASS">
          <reporter-output>
          </reporter-output>
        </test-method> <!-- emptyEmail -->
        <test-method signature="emptyPasswordAndConfirmPassword()[pri:0, instance:com.darkuros.selenium.tests.ForgotPasswordTest@6a57ae10]" started-at="2025-09-27T18:46:28 IST" name="emptyPasswordAndConfirmPassword" finished-at="2025-09-27T18:46:30 IST" duration-ms="1557" status="PASS">
          <reporter-output>
          </reporter-output>
        </test-method> <!-- emptyPasswordAndConfirmPassword -->
        <test-method signature="emptyPassword()[pri:0, instance:com.darkuros.selenium.tests.ForgotPasswordTest@6a57ae10]" started-at="2025-09-27T18:46:28 IST" name="emptyPassword" finished-at="2025-09-27T18:46:30 IST" duration-ms="1562" status="PASS">
          <reporter-output>
          </reporter-output>
        </test-method> <!-- emptyPassword -->
        <test-method is-config="true" signature="tearDown()[pri:0, instance:com.darkuros.selenium.tests.ForgotPasswordTest@6a57ae10]" started-at="2025-09-27T18:46:29 IST" name="tearDown" finished-at="2025-09-27T18:46:29 IST" duration-ms="129" status="PASS">
          <reporter-output>
          </reporter-output>
        </test-method> <!-- tearDown -->
        <test-method signature="emptyConfirmPassword()[pri:0, instance:com.darkuros.selenium.tests.ForgotPasswordTest@6a57ae10]" started-at="2025-09-27T18:46:29 IST" name="emptyConfirmPassword" finished-at="2025-09-27T18:46:31 IST" duration-ms="1547" status="PASS">
          <reporter-output>
          </reporter-output>
        </test-method> <!-- emptyConfirmPassword -->
        <test-method is-config="true" signature="setup()[pri:0, instance:com.darkuros.selenium.tests.ForgotPasswordTest@6a57ae10]" started-at="2025-09-27T18:46:29 IST" name="setup" finished-at="2025-09-27T18:46:33 IST" duration-ms="3726" status="PASS">
          <reporter-output>
          </reporter-output>
        </test-method> <!-- setup -->
        <test-method is-config="true" signature="tearDown()[pri:0, instance:com.darkuros.selenium.tests.ForgotPasswordTest@6a57ae10]" started-at="2025-09-27T18:46:30 IST" name="tearDown" finished-at="2025-09-27T18:46:30 IST" duration-ms="150" status="PASS">
          <reporter-output>
          </reporter-output>
        </test-method> <!-- tearDown -->
        <test-method is-config="true" signature="setup()[pri:0, instance:com.darkuros.selenium.tests.ForgotPasswordTest@6a57ae10]" started-at="2025-09-27T18:46:30 IST" name="setup" finished-at="2025-09-27T18:46:32 IST" duration-ms="2518" status="PASS">
          <reporter-output>
          </reporter-output>
        </test-method> <!-- setup -->
        <test-method is-config="true" signature="tearDown()[pri:0, instance:com.darkuros.selenium.tests.ForgotPasswordTest@6a57ae10]" started-at="2025-09-27T18:46:30 IST" name="tearDown" finished-at="2025-09-27T18:46:30 IST" duration-ms="298" status="PASS">
          <reporter-output>
          </reporter-output>
        </test-method> <!-- tearDown -->
        <test-method is-config="true" signature="setup()[pri:0, instance:com.darkuros.selenium.tests.ForgotPasswordTest@6a57ae10]" started-at="2025-09-27T18:46:30 IST" name="setup" finished-at="2025-09-27T18:46:33 IST" duration-ms="2462" status="PASS">
          <reporter-output>
          </reporter-output>
        </test-method> <!-- setup -->
        <test-method is-config="true" signature="tearDown()[pri:0, instance:com.darkuros.selenium.tests.ForgotPasswordTest@6a57ae10]" started-at="2025-09-27T18:46:31 IST" name="tearDown" finished-at="2025-09-27T18:46:31 IST" duration-ms="236" status="PASS">
          <reporter-output>
          </reporter-output>
        </test-method> <!-- tearDown -->
        <test-method signature="passwordsDontMatch()[pri:0, instance:com.darkuros.selenium.tests.ForgotPasswordTest@6a57ae10]" started-at="2025-09-27T18:46:32 IST" name="passwordsDontMatch" finished-at="2025-09-27T18:46:34 IST" duration-ms="1481" status="PASS">
          <reporter-output>
          </reporter-output>
        </test-method> <!-- passwordsDontMatch -->
        <test-method signature="invalidEmail()[pri:0, instance:com.darkuros.selenium.tests.ForgotPasswordTest@6a57ae10]" started-at="2025-09-27T18:46:33 IST" name="invalidEmail" finished-at="2025-09-27T18:46:34 IST" duration-ms="1581" status="PASS">
          <reporter-output>
          </reporter-output>
        </test-method> <!-- invalidEmail -->
        <test-method signature="saveNewPasswordWithValidCredentials()[pri:0, instance:com.darkuros.selenium.tests.ForgotPasswordTest@6a57ae10]" started-at="2025-09-27T18:46:33 IST" name="saveNewPasswordWithValidCredentials" finished-at="2025-09-27T18:46:35 IST" duration-ms="2125" status="PASS">
          <reporter-output>
          </reporter-output>
        </test-method> <!-- saveNewPasswordWithValidCredentials -->
        <test-method is-config="true" signature="tearDown()[pri:0, instance:com.darkuros.selenium.tests.ForgotPasswordTest@6a57ae10]" started-at="2025-09-27T18:46:34 IST" name="tearDown" finished-at="2025-09-27T18:46:34 IST" duration-ms="162" status="PASS">
          <reporter-output>
          </reporter-output>
        </test-method> <!-- tearDown -->
        <test-method is-config="true" signature="tearDown()[pri:0, instance:com.darkuros.selenium.tests.ForgotPasswordTest@6a57ae10]" started-at="2025-09-27T18:46:34 IST" name="tearDown" finished-at="2025-09-27T18:46:35 IST" duration-ms="304" status="PASS">
          <reporter-output>
          </reporter-output>
        </test-method> <!-- tearDown -->
        <test-method is-config="true" signature="tearDown()[pri:0, instance:com.darkuros.selenium.tests.ForgotPasswordTest@6a57ae10]" started-at="2025-09-27T18:46:35 IST" name="tearDown" finished-at="2025-09-27T18:46:36 IST" duration-ms="700" status="PASS">
          <reporter-output>
          </reporter-output>
        </test-method> <!-- tearDown -->
      </class> <!-- com.darkuros.selenium.tests.ForgotPasswordTest -->
      <class name="com.darkuros.selenium.tests.LoginTest">
        <test-method is-config="true" signature="setup()[pri:0, instance:com.darkuros.selenium.tests.LoginTest@14008db3]" started-at="2025-09-27T18:46:31 IST" name="setup" finished-at="2025-09-27T18:46:34 IST" duration-ms="2818" status="PASS">
          <reporter-output>
          </reporter-output>
        </test-method> <!-- setup -->
        <test-method signature="isForgotPasswordLinkWorking()[pri:0, instance:com.darkuros.selenium.tests.LoginTest@14008db3]" started-at="2025-09-27T18:46:34 IST" name="isForgotPasswordLinkWorking" finished-at="2025-09-27T18:46:35 IST" duration-ms="1192" status="PASS">
          <reporter-output>
          </reporter-output>
        </test-method> <!-- isForgotPasswordLinkWorking -->
        <test-method is-config="true" signature="setup()[pri:0, instance:com.darkuros.selenium.tests.LoginTest@14008db3]" started-at="2025-09-27T18:46:34 IST" name="setup" finished-at="2025-09-27T18:46:36 IST" duration-ms="2204" status="PASS">
          <reporter-output>
          </reporter-output>
        </test-method> <!-- setup -->
        <test-method is-config="true" signature="setup()[pri:0, instance:com.darkuros.selenium.tests.LoginTest@14008db3]" started-at="2025-09-27T18:46:35 IST" name="setup" finished-at="2025-09-27T18:46:37 IST" duration-ms="2298" status="PASS">
          <reporter-output>
          </reporter-output>
        </test-method> <!-- setup -->
        <test-method is-config="true" signature="tearDown()[pri:0, instance:com.darkuros.selenium.tests.LoginTest@14008db3]" started-at="2025-09-27T18:46:35 IST" name="tearDown" finished-at="2025-09-27T18:46:35 IST" duration-ms="179" status="PASS">
          <reporter-output>
          </reporter-output>
        </test-method> <!-- tearDown -->
        <test-method signature="isRegisterLinkWorking()[pri:0, instance:com.darkuros.selenium.tests.LoginTest@14008db3]" started-at="2025-09-27T18:46:36 IST" name="isRegisterLinkWorking" finished-at="2025-09-27T18:46:37 IST" duration-ms="1190" status="PASS">
          <reporter-output>
          </reporter-output>
        </test-method> <!-- isRegisterLinkWorking -->
        <test-method signature="loginScenarios(java.lang.String,java.lang.String,java.lang.String,java.lang.String)[pri:0, instance:com.darkuros.selenium.tests.LoginTest@14008db3]" started-at="2025-09-27T18:46:37 IST" name="loginScenarios" data-provider="loginScenarios" finished-at="2025-09-27T18:46:39 IST" duration-ms="1847" status="PASS">
          <params>
            <param index="0">
              <value>
                <![CDATA[dark@uros.com]]>
              </value>
            </param>
            <param index="1">
              <value>
                <![CDATA[123@Dark]]>
              </value>
            </param>
            <param index="2">
              <value>
                <![CDATA[success]]>
              </value>
            </param>
            <param index="3">
              <value>
                <![CDATA[]]>
              </value>
            </param>
          </params>
          <reporter-output>
          </reporter-output>
        </test-method> <!-- loginScenarios -->
        <test-method is-config="true" signature="tearDown()[pri:0, instance:com.darkuros.selenium.tests.LoginTest@14008db3]" started-at="2025-09-27T18:46:37 IST" name="tearDown" finished-at="2025-09-27T18:46:37 IST" duration-ms="113" status="PASS">
          <reporter-output>
          </reporter-output>
        </test-method> <!-- tearDown -->
        <test-method is-config="true" signature="tearDown()[pri:0, instance:com.darkuros.selenium.tests.LoginTest@14008db3]" started-at="2025-09-27T18:46:39 IST" name="tearDown" finished-at="2025-09-27T18:46:39 IST" duration-ms="111" status="PASS">
          <reporter-output>
          </reporter-output>
        </test-method> <!-- tearDown -->
        <test-method is-config="true" signature="setup()[pri:0, instance:com.darkuros.selenium.tests.LoginTest@14008db3]" started-at="2025-09-27T18:46:39 IST" name="setup" finished-at="2025-09-27T18:46:41 IST" duration-ms="2516" status="PASS">
          <reporter-output>
          </reporter-output>
        </test-method> <!-- setup -->
        <test-method signature="loginScenarios(java.lang.String,java.lang.String,java.lang.String,java.lang.String)[pri:0, instance:com.darkuros.selenium.tests.LoginTest@14008db3]" started-at="2025-09-27T18:46:41 IST" name="loginScenarios" data-provider="loginScenarios" finished-at="2025-09-27T18:46:43 IST" duration-ms="1388" status="PASS">
          <params>
            <param index="0">
              <value>
                <![CDATA[light@uros.com]]>
              </value>
            </param>
            <param index="1">
              <value>
                <![CDATA[123@Dark]]>
              </value>
            </param>
            <param index="2">
              <value>
                <![CDATA[error]]>
              </value>
            </param>
            <param index="3">
              <value>
                <![CDATA[Incorrect email or password.]]>
              </value>
            </param>
          </params>
          <reporter-output>
          </reporter-output>
        </test-method> <!-- loginScenarios -->
        <test-method is-config="true" signature="tearDown()[pri:0, instance:com.darkuros.selenium.tests.LoginTest@14008db3]" started-at="2025-09-27T18:46:43 IST" name="tearDown" finished-at="2025-09-27T18:46:43 IST" duration-ms="121" status="PASS">
          <reporter-output>
          </reporter-output>
        </test-method> <!-- tearDown -->
        <test-method is-config="true" signature="setup()[pri:0, instance:com.darkuros.selenium.tests.LoginTest@14008db3]" started-at="2025-09-27T18:46:43 IST" name="setup" finished-at="2025-09-27T18:46:45 IST" duration-ms="2504" status="PASS">
          <reporter-output>
          </reporter-output>
        </test-method> <!-- setup -->
        <test-method signature="loginScenarios(java.lang.String,java.lang.String,java.lang.String,java.lang.String)[pri:0, instance:com.darkuros.selenium.tests.LoginTest@14008db3]" started-at="2025-09-27T18:46:45 IST" name="loginScenarios" data-provider="loginScenarios" finished-at="2025-09-27T18:46:47 IST" duration-ms="1425" status="PASS">
          <params>
            <param index="0">
              <value>
                <![CDATA[dark@uros.com]]>
              </value>
            </param>
            <param index="1">
              <value>
                <![CDATA[123@dark]]>
              </value>
            </param>
            <param index="2">
              <value>
                <![CDATA[error]]>
              </value>
            </param>
            <param index="3">
              <value>
                <![CDATA[Incorrect email or password.]]>
              </value>
            </param>
          </params>
          <reporter-output>
          </reporter-output>
        </test-method> <!-- loginScenarios -->
        <test-method is-config="true" signature="tearDown()[pri:0, instance:com.darkuros.selenium.tests.LoginTest@14008db3]" started-at="2025-09-27T18:46:47 IST" name="tearDown" finished-at="2025-09-27T18:46:47 IST" duration-ms="107" status="PASS">
          <reporter-output>
          </reporter-output>
        </test-method> <!-- tearDown -->
        <test-method is-config="true" signature="setup()[pri:0, instance:com.darkuros.selenium.tests.LoginTest@14008db3]" started-at="2025-09-27T18:46:47 IST" name="setup" finished-at="2025-09-27T18:46:49 IST" duration-ms="2330" status="PASS">
          <reporter-output>
          </reporter-output>
        </test-method> <!-- setup -->
        <test-method signature="loginScenarios(java.lang.String,java.lang.String,java.lang.String,java.lang.String)[pri:0, instance:com.darkuros.selenium.tests.LoginTest@14008db3]" started-at="2025-09-27T18:46:49 IST" name="loginScenarios" data-provider="loginScenarios" finished-at="2025-09-27T18:46:51 IST" duration-ms="1364" status="PASS">
          <params>
            <param index="0">
              <value>
                <![CDATA[light@uros.com]]>
              </value>
            </param>
            <param index="1">
              <value>
                <![CDATA[123@dark]]>
              </value>
            </param>
            <param index="2">
              <value>
                <![CDATA[error]]>
              </value>
            </param>
            <param index="3">
              <value>
                <![CDATA[Incorrect email or password.]]>
              </value>
            </param>
          </params>
          <reporter-output>
          </reporter-output>
        </test-method> <!-- loginScenarios -->
        <test-method is-config="true" signature="tearDown()[pri:0, instance:com.darkuros.selenium.tests.LoginTest@14008db3]" started-at="2025-09-27T18:46:51 IST" name="tearDown" finished-at="2025-09-27T18:46:51 IST" duration-ms="108" status="PASS">
          <reporter-output>
          </reporter-output>
        </test-method> <!-- tearDown -->
      </class> <!-- com.darkuros.selenium.tests.LoginTest -->
    </test> <!-- debug -->
  </suite> <!-- Regression -->
</testng-results>
