<?xml version="1.0" encoding="UTF-8"?>
<testng-results ignored="13" total="14" passed="1" failed="0" skipped="0">
  <reporter-output>
  </reporter-output>
  <suite started-at="2025-07-15T11:10:39 IST" name="Regression" finished-at="2025-07-15T11:10:41 IST" duration-ms="2460">
    <groups>
      <group name="debug">
        <method signature="LoginTest.isForgotPasswordLinkWorking()[pri:0, instance:com.darkuros.selenium.tests.LoginTest@6337c201]" name="isForgotPasswordLinkWorking" class="com.darkuros.selenium.tests.LoginTest"/>
      </group> <!-- debug -->
    </groups>
    <test started-at="2025-07-15T11:10:39 IST" name="debug" finished-at="2025-07-15T11:10:41 IST" duration-ms="2460">
      <class name="com.darkuros.selenium.tests.LoginTest">
        <test-method is-config="true" signature="setup()[pri:0, instance:com.darkuros.selenium.tests.LoginTest@6337c201]" started-at="2025-07-15T11:10:39 IST" name="setup" finished-at="2025-07-15T11:10:41 IST" duration-ms="2006" status="PASS">
          <reporter-output>
          </reporter-output>
        </test-method> <!-- setup -->
        <test-method signature="isForgotPasswordLinkWorking()[pri:0, instance:com.darkuros.selenium.tests.LoginTest@6337c201]" started-at="2025-07-15T11:10:41 IST" name="isForgotPasswordLinkWorking" finished-at="2025-07-15T11:10:41 IST" duration-ms="134" status="PASS">
          <reporter-output>
          </reporter-output>
        </test-method> <!-- isForgotPasswordLinkWorking -->
        <test-method is-config="true" signature="tearDown()[pri:0, instance:com.darkuros.selenium.tests.LoginTest@6337c201]" started-at="2025-07-15T11:10:41 IST" name="tearDown" finished-at="2025-07-15T11:10:41 IST" duration-ms="119" status="PASS">
          <reporter-output>
          </reporter-output>
        </test-method> <!-- tearDown -->
      </class> <!-- com.darkuros.selenium.tests.LoginTest -->
    </test> <!-- debug -->
  </suite> <!-- Regression -->
</testng-results>
