<?xml version="1.0" encoding="UTF-8"?>
<testng-results retried="1" ignored="0" total="18" passed="17" failed="0" skipped="0">
  <reporter-output>
  </reporter-output>
  <suite started-at="2025-09-17T10:22:45 IST" name="Regression" finished-at="2025-09-17T10:23:11 IST" duration-ms="26861">
    <groups>
      <group name="debug">
        <method signature="LoginTest.isForgotPasswordLinkWorking()[pri:0, instance:com.darkuros.selenium.tests.LoginTest@658c5a19]" name="isForgotPasswordLinkWorking" class="com.darkuros.selenium.tests.LoginTest"/>
      </group> <!-- debug -->
    </groups>
    <test started-at="2025-09-17T10:22:45 IST" name="debug" finished-at="2025-09-17T10:23:11 IST" duration-ms="26861">
      <class name="com.darkuros.selenium.tests.RegisterTest">
        <test-method is-config="true" signature="setup()[pri:0, instance:com.darkuros.selenium.tests.RegisterTest@421e361]" started-at="2025-09-17T10:22:54 IST" name="setup" finished-at="2025-09-17T10:22:56 IST" duration-ms="2379" status="PASS">
          <reporter-output>
          </reporter-output>
        </test-method> <!-- setup -->
        <test-method is-config="true" signature="setup()[pri:0, instance:com.darkuros.selenium.tests.RegisterTest@421e361]" started-at="2025-09-17T10:22:54 IST" name="setup" finished-at="2025-09-17T10:22:56 IST" duration-ms="2037" status="PASS">
          <reporter-output>
          </reporter-output>
        </test-method> <!-- setup -->
        <test-method is-config="true" signature="setup()[pri:0, instance:com.darkuros.selenium.tests.RegisterTest@421e361]" started-at="2025-09-17T10:22:56 IST" name="setup" finished-at="2025-09-17T10:22:57 IST" duration-ms="1849" status="PASS">
          <reporter-output>
          </reporter-output>
        </test-method> <!-- setup -->
        <test-method signature="clickRegisterWithEmptyForm()[pri:0, instance:com.darkuros.selenium.tests.RegisterTest@421e361]" started-at="2025-09-17T10:22:56 IST" name="clickRegisterWithEmptyForm" finished-at="2025-09-17T10:22:58 IST" duration-ms="1576" status="PASS">
          <reporter-output>
          </reporter-output>
        </test-method> <!-- clickRegisterWithEmptyForm -->
        <test-method signature="passwordLessThan8Chars(com.darkuros.selenium.models.UserTestData)[pri:0, instance:com.darkuros.selenium.tests.RegisterTest@421e361]" started-at="2025-09-17T10:22:56 IST" name="passwordLessThan8Chars" data-provider="registrationData" finished-at="2025-09-17T10:22:59 IST" duration-ms="2094" status="PASS">
          <params>
            <param index="0">
              <value>
                <![CDATA[com.darkuros.selenium.models.UserTestData@36b66906]]>
              </value>
            </param>
          </params>
          <reporter-output>
          </reporter-output>
        </test-method> <!-- passwordLessThan8Chars -->
        <test-method signature="registerUserWithOnlyRequiredFields(com.darkuros.selenium.models.UserTestData)[pri:0, instance:com.darkuros.selenium.tests.RegisterTest@421e361]" started-at="2025-09-17T10:22:57 IST" name="registerUserWithOnlyRequiredFields" data-provider="registrationData" finished-at="2025-09-17T10:22:59 IST" duration-ms="1939" status="PASS">
          <params>
            <param index="0">
              <value>
                <![CDATA[com.darkuros.selenium.models.UserTestData@3a8f8aae]]>
              </value>
            </param>
          </params>
          <reporter-output>
          </reporter-output>
        </test-method> <!-- registerUserWithOnlyRequiredFields -->
        <test-method is-config="true" signature="tearDown()[pri:0, instance:com.darkuros.selenium.tests.RegisterTest@421e361]" started-at="2025-09-17T10:22:58 IST" name="tearDown" finished-at="2025-09-17T10:22:58 IST" duration-ms="147" status="PASS">
          <reporter-output>
          </reporter-output>
        </test-method> <!-- tearDown -->
        <test-method is-config="true" signature="setup()[pri:0, instance:com.darkuros.selenium.tests.RegisterTest@421e361]" started-at="2025-09-17T10:22:58 IST" name="setup" finished-at="2025-09-17T10:23:00 IST" duration-ms="1799" status="PASS">
          <reporter-output>
          </reporter-output>
        </test-method> <!-- setup -->
        <test-method is-config="true" signature="tearDown()[pri:0, instance:com.darkuros.selenium.tests.RegisterTest@421e361]" started-at="2025-09-17T10:22:59 IST" name="tearDown" finished-at="2025-09-17T10:22:59 IST" duration-ms="125" status="PASS">
          <reporter-output>
          </reporter-output>
        </test-method> <!-- tearDown -->
        <test-method is-config="true" signature="tearDown()[pri:0, instance:com.darkuros.selenium.tests.RegisterTest@421e361]" started-at="2025-09-17T10:22:59 IST" name="tearDown" finished-at="2025-09-17T10:22:59 IST" duration-ms="104" status="PASS">
          <reporter-output>
          </reporter-output>
        </test-method> <!-- tearDown -->
        <test-method signature="registerUserWithValidDetails(com.darkuros.selenium.models.UserTestData)[pri:0, instance:com.darkuros.selenium.tests.RegisterTest@421e361]" started-at="2025-09-17T10:23:00 IST" name="registerUserWithValidDetails" data-provider="registrationData" finished-at="2025-09-17T10:23:02 IST" duration-ms="2084" status="PASS">
          <params>
            <param index="0">
              <value>
                <![CDATA[com.darkuros.selenium.models.UserTestData@7c7bb955]]>
              </value>
            </param>
          </params>
          <reporter-output>
          </reporter-output>
        </test-method> <!-- registerUserWithValidDetails -->
        <test-method is-config="true" signature="tearDown()[pri:0, instance:com.darkuros.selenium.tests.RegisterTest@421e361]" started-at="2025-09-17T10:23:02 IST" name="tearDown" finished-at="2025-09-17T10:23:02 IST" duration-ms="106" status="PASS">
          <reporter-output>
          </reporter-output>
        </test-method> <!-- tearDown -->
      </class> <!-- com.darkuros.selenium.tests.RegisterTest -->
      <class name="com.darkuros.selenium.tests.ForgotPasswordTest">
        <test-method is-config="true" signature="setup()[pri:0, instance:com.darkuros.selenium.tests.ForgotPasswordTest@a37aefe]" started-at="2025-09-17T10:22:45 IST" name="setup" finished-at="2025-09-17T10:22:48 IST" duration-ms="3044" status="PASS">
          <reporter-output>
          </reporter-output>
        </test-method> <!-- setup -->
        <test-method is-config="true" signature="setup()[pri:0, instance:com.darkuros.selenium.tests.ForgotPasswordTest@a37aefe]" started-at="2025-09-17T10:22:45 IST" name="setup" finished-at="2025-09-17T10:22:48 IST" duration-ms="2960" status="PASS">
          <reporter-output>
          </reporter-output>
        </test-method> <!-- setup -->
        <test-method is-config="true" signature="setup()[pri:0, instance:com.darkuros.selenium.tests.ForgotPasswordTest@a37aefe]" started-at="2025-09-17T10:22:45 IST" name="setup" finished-at="2025-09-17T10:22:48 IST" duration-ms="2975" status="PASS">
          <reporter-output>
          </reporter-output>
        </test-method> <!-- setup -->
        <test-method is-config="true" signature="setup()[pri:0, instance:com.darkuros.selenium.tests.ForgotPasswordTest@a37aefe]" started-at="2025-09-17T10:22:45 IST" name="setup" finished-at="2025-09-17T10:22:48 IST" duration-ms="2926" status="PASS">
          <reporter-output>
          </reporter-output>
        </test-method> <!-- setup -->
        <test-method signature="emptyPassword()[pri:0, instance:com.darkuros.selenium.tests.ForgotPasswordTest@a37aefe]" started-at="2025-09-17T10:22:48 IST" name="emptyPassword" finished-at="2025-09-17T10:22:49 IST" duration-ms="1655" status="PASS">
          <reporter-output>
          </reporter-output>
        </test-method> <!-- emptyPassword -->
        <test-method signature="emptyEmail()[pri:0, instance:com.darkuros.selenium.tests.ForgotPasswordTest@a37aefe]" started-at="2025-09-17T10:22:48 IST" name="emptyEmail" finished-at="2025-09-17T10:22:49 IST" duration-ms="1567" status="PASS">
          <reporter-output>
          </reporter-output>
        </test-method> <!-- emptyEmail -->
        <test-method signature="emptyPasswordAndConfirmPassword()[pri:0, instance:com.darkuros.selenium.tests.ForgotPasswordTest@a37aefe]" started-at="2025-09-17T10:22:48 IST" name="emptyPasswordAndConfirmPassword" finished-at="2025-09-17T10:22:49 IST" duration-ms="1594" status="PASS">
          <reporter-output>
          </reporter-output>
        </test-method> <!-- emptyPasswordAndConfirmPassword -->
        <test-method signature="emptyConfirmPassword()[pri:0, instance:com.darkuros.selenium.tests.ForgotPasswordTest@a37aefe]" started-at="2025-09-17T10:22:48 IST" name="emptyConfirmPassword" finished-at="2025-09-17T10:22:49 IST" duration-ms="1559" status="PASS">
          <reporter-output>
          </reporter-output>
        </test-method> <!-- emptyConfirmPassword -->
        <test-method is-config="true" signature="tearDown()[pri:0, instance:com.darkuros.selenium.tests.ForgotPasswordTest@a37aefe]" started-at="2025-09-17T10:22:49 IST" name="tearDown" finished-at="2025-09-17T10:22:49 IST" duration-ms="173" status="PASS">
          <reporter-output>
          </reporter-output>
        </test-method> <!-- tearDown -->
        <test-method is-config="true" signature="tearDown()[pri:0, instance:com.darkuros.selenium.tests.ForgotPasswordTest@a37aefe]" started-at="2025-09-17T10:22:49 IST" name="tearDown" finished-at="2025-09-17T10:22:50 IST" duration-ms="153" status="PASS">
          <reporter-output>
          </reporter-output>
        </test-method> <!-- tearDown -->
        <test-method is-config="true" signature="tearDown()[pri:0, instance:com.darkuros.selenium.tests.ForgotPasswordTest@a37aefe]" started-at="2025-09-17T10:22:49 IST" name="tearDown" finished-at="2025-09-17T10:22:50 IST" duration-ms="155" status="PASS">
          <reporter-output>
          </reporter-output>
        </test-method> <!-- tearDown -->
        <test-method is-config="true" signature="tearDown()[pri:0, instance:com.darkuros.selenium.tests.ForgotPasswordTest@a37aefe]" started-at="2025-09-17T10:22:49 IST" name="tearDown" finished-at="2025-09-17T10:22:50 IST" duration-ms="119" status="PASS">
          <reporter-output>
          </reporter-output>
        </test-method> <!-- tearDown -->
        <test-method is-config="true" signature="setup()[pri:0, instance:com.darkuros.selenium.tests.ForgotPasswordTest@a37aefe]" started-at="2025-09-17T10:22:49 IST" name="setup" finished-at="2025-09-17T10:22:51 IST" duration-ms="1354" status="PASS">
          <reporter-output>
          </reporter-output>
        </test-method> <!-- setup -->
        <test-method is-config="true" signature="setup()[pri:0, instance:com.darkuros.selenium.tests.ForgotPasswordTest@a37aefe]" started-at="2025-09-17T10:22:50 IST" name="setup" finished-at="2025-09-17T10:22:52 IST" duration-ms="2579" status="PASS">
          <reporter-output>
          </reporter-output>
        </test-method> <!-- setup -->
        <test-method is-config="true" signature="setup()[pri:0, instance:com.darkuros.selenium.tests.ForgotPasswordTest@a37aefe]" started-at="2025-09-17T10:22:50 IST" name="setup" finished-at="2025-09-17T10:22:52 IST" duration-ms="2472" status="PASS">
          <reporter-output>
          </reporter-output>
        </test-method> <!-- setup -->
        <test-method signature="invalidEmail()[pri:0, instance:com.darkuros.selenium.tests.ForgotPasswordTest@a37aefe]" started-at="2025-09-17T10:22:51 IST" name="invalidEmail" finished-at="2025-09-17T10:22:52 IST" duration-ms="1457" status="PASS">
          <reporter-output>
          </reporter-output>
        </test-method> <!-- invalidEmail -->
        <test-method signature="passwordsDontMatch()[pri:0, instance:com.darkuros.selenium.tests.ForgotPasswordTest@a37aefe]" started-at="2025-09-17T10:22:52 IST" name="passwordsDontMatch" finished-at="2025-09-17T10:22:54 IST" duration-ms="1603" status="PASS">
          <reporter-output>
          </reporter-output>
        </test-method> <!-- passwordsDontMatch -->
        <test-method signature="saveNewPasswordWithValidCredentials()[pri:0, instance:com.darkuros.selenium.tests.ForgotPasswordTest@a37aefe]" started-at="2025-09-17T10:22:52 IST" name="saveNewPasswordWithValidCredentials" finished-at="2025-09-17T10:22:54 IST" duration-ms="2116" status="PASS">
          <reporter-output>
          </reporter-output>
        </test-method> <!-- saveNewPasswordWithValidCredentials -->
        <test-method is-config="true" signature="tearDown()[pri:0, instance:com.darkuros.selenium.tests.ForgotPasswordTest@a37aefe]" started-at="2025-09-17T10:22:52 IST" name="tearDown" finished-at="2025-09-17T10:22:52 IST" duration-ms="100" status="PASS">
          <reporter-output>
          </reporter-output>
        </test-method> <!-- tearDown -->
        <test-method is-config="true" signature="tearDown()[pri:0, instance:com.darkuros.selenium.tests.ForgotPasswordTest@a37aefe]" started-at="2025-09-17T10:22:54 IST" name="tearDown" finished-at="2025-09-17T10:22:54 IST" duration-ms="219" status="PASS">
          <reporter-output>
          </reporter-output>
        </test-method> <!-- tearDown -->
        <test-method is-config="true" signature="tearDown()[pri:0, instance:com.darkuros.selenium.tests.ForgotPasswordTest@a37aefe]" started-at="2025-09-17T10:22:54 IST" name="tearDown" finished-at="2025-09-17T10:22:54 IST" duration-ms="172" status="PASS">
          <reporter-output>
          </reporter-output>
        </test-method> <!-- tearDown -->
      </class> <!-- com.darkuros.selenium.tests.ForgotPasswordTest -->
      <class name="com.darkuros.selenium.tests.LoginTest">
        <test-method is-config="true" signature="setup()[pri:0, instance:com.darkuros.selenium.tests.LoginTest@658c5a19]" started-at="2025-09-17T10:22:50 IST" name="setup" finished-at="2025-09-17T10:22:52 IST" duration-ms="2344" status="PASS">
          <reporter-output>
          </reporter-output>
        </test-method> <!-- setup -->
        <test-method signature="isForgotPasswordLinkWorking()[pri:0, instance:com.darkuros.selenium.tests.LoginTest@658c5a19]" started-at="2025-09-17T10:22:52 IST" name="isForgotPasswordLinkWorking" finished-at="2025-09-17T10:22:53 IST" duration-ms="1160" status="PASS">
          <reporter-output>
          </reporter-output>
        </test-method> <!-- isForgotPasswordLinkWorking -->
        <test-method is-config="true" signature="setup()[pri:0, instance:com.darkuros.selenium.tests.LoginTest@658c5a19]" started-at="2025-09-17T10:22:52 IST" name="setup" finished-at="2025-09-17T10:22:54 IST" duration-ms="1855" status="PASS">
          <reporter-output>
          </reporter-output>
        </test-method> <!-- setup -->
        <test-method is-config="true" signature="tearDown()[pri:0, instance:com.darkuros.selenium.tests.LoginTest@658c5a19]" started-at="2025-09-17T10:22:53 IST" name="tearDown" finished-at="2025-09-17T10:22:53 IST" duration-ms="136" status="PASS">
          <reporter-output>
          </reporter-output>
        </test-method> <!-- tearDown -->
        <test-method is-config="true" signature="setup()[pri:0, instance:com.darkuros.selenium.tests.LoginTest@658c5a19]" started-at="2025-09-17T10:22:53 IST" name="setup" finished-at="2025-09-17T10:22:55 IST" duration-ms="2060" status="PASS">
          <reporter-output>
          </reporter-output>
        </test-method> <!-- setup -->
        <test-method signature="isRegisterLinkWorking()[pri:0, instance:com.darkuros.selenium.tests.LoginTest@658c5a19]" started-at="2025-09-17T10:22:54 IST" name="isRegisterLinkWorking" finished-at="2025-09-17T10:22:55 IST" duration-ms="1167" status="PASS">
          <reporter-output>
          </reporter-output>
        </test-method> <!-- isRegisterLinkWorking -->
        <test-method signature="loginScenarios(java.lang.String,java.lang.String,java.lang.String,java.lang.String)[pri:0, instance:com.darkuros.selenium.tests.LoginTest@658c5a19]" started-at="2025-09-17T10:22:55 IST" name="loginScenarios" data-provider="loginScenarios" finished-at="2025-09-17T10:22:57 IST" duration-ms="1840" status="PASS">
          <params>
            <param index="0">
              <value>
                <![CDATA[dark@uros.com]]>
              </value>
            </param>
            <param index="1">
              <value>
                <![CDATA[123@Dark]]>
              </value>
            </param>
            <param index="2">
              <value>
                <![CDATA[success]]>
              </value>
            </param>
            <param index="3">
              <value>
                <![CDATA[]]>
              </value>
            </param>
          </params>
          <reporter-output>
          </reporter-output>
        </test-method> <!-- loginScenarios -->
        <test-method is-config="true" signature="tearDown()[pri:0, instance:com.darkuros.selenium.tests.LoginTest@658c5a19]" started-at="2025-09-17T10:22:55 IST" name="tearDown" finished-at="2025-09-17T10:22:56 IST" duration-ms="97" status="PASS">
          <reporter-output>
          </reporter-output>
        </test-method> <!-- tearDown -->
        <test-method is-config="true" signature="tearDown()[pri:0, instance:com.darkuros.selenium.tests.LoginTest@658c5a19]" started-at="2025-09-17T10:22:57 IST" name="tearDown" finished-at="2025-09-17T10:22:57 IST" duration-ms="103" status="PASS">
          <reporter-output>
          </reporter-output>
        </test-method> <!-- tearDown -->
        <test-method is-config="true" signature="setup()[pri:0, instance:com.darkuros.selenium.tests.LoginTest@658c5a19]" started-at="2025-09-17T10:22:57 IST" name="setup" finished-at="2025-09-17T10:22:59 IST" duration-ms="2107" status="PASS">
          <reporter-output>
          </reporter-output>
        </test-method> <!-- setup -->
        <test-method signature="loginScenarios(java.lang.String,java.lang.String,java.lang.String,java.lang.String)[pri:0, instance:com.darkuros.selenium.tests.LoginTest@658c5a19]" started-at="2025-09-17T10:22:59 IST" name="loginScenarios" data-provider="loginScenarios" finished-at="2025-09-17T10:23:01 IST" duration-ms="1386" status="PASS">
          <params>
            <param index="0">
              <value>
                <![CDATA[light@uros.com]]>
              </value>
            </param>
            <param index="1">
              <value>
                <![CDATA[123@Dark]]>
              </value>
            </param>
            <param index="2">
              <value>
                <![CDATA[error]]>
              </value>
            </param>
            <param index="3">
              <value>
                <![CDATA[Incorrect email or password.]]>
              </value>
            </param>
          </params>
          <reporter-output>
          </reporter-output>
        </test-method> <!-- loginScenarios -->
        <test-method is-config="true" signature="tearDown()[pri:0, instance:com.darkuros.selenium.tests.LoginTest@658c5a19]" started-at="2025-09-17T10:23:01 IST" name="tearDown" finished-at="2025-09-17T10:23:01 IST" duration-ms="110" status="PASS">
          <reporter-output>
          </reporter-output>
        </test-method> <!-- tearDown -->
        <test-method is-config="true" signature="setup()[pri:0, instance:com.darkuros.selenium.tests.LoginTest@658c5a19]" started-at="2025-09-17T10:23:01 IST" name="setup" finished-at="2025-09-17T10:23:03 IST" duration-ms="2265" status="PASS">
          <reporter-output>
          </reporter-output>
        </test-method> <!-- setup -->
        <test-method retried="true" signature="loginScenarios(java.lang.String,java.lang.String,java.lang.String,java.lang.String)[pri:0, instance:com.darkuros.selenium.tests.LoginTest@658c5a19]" started-at="2025-09-17T10:23:03 IST" name="loginScenarios" data-provider="loginScenarios" finished-at="2025-09-17T10:23:04 IST" duration-ms="1415" status="SKIP">
          <params>
            <param index="0">
              <value>
                <![CDATA[dark@uros.com]]>
              </value>
            </param>
            <param index="1">
              <value>
                <![CDATA[123@dark]]>
              </value>
            </param>
            <param index="2">
              <value>
                <![CDATA[error]]>
              </value>
            </param>
            <param index="3">
              <value>
                <![CDATA[Incorrect email or password.]]>
              </value>
            </param>
          </params>
          <exception class="java.lang.AssertionError">
            <message>
              <![CDATA[expected [Incorrect email or password.] but found []]]>
            </message>
            <full-stacktrace>
              <![CDATA[java.lang.AssertionError: expected [Incorrect email or password.] but found []
at org.testng.Assert.fail(Assert.java:111)
at org.testng.Assert.failNotEquals(Assert.java:1590)
at org.testng.Assert.assertEqualsImpl(Assert.java:150)
at org.testng.Assert.assertEquals(Assert.java:132)
at org.testng.Assert.assertEquals(Assert.java:656)
at org.testng.Assert.assertEquals(Assert.java:666)
at com.darkuros.selenium.tests.LoginTest.loginScenarios(LoginTest.java:40)
at java.base/jdk.internal.reflect.DirectMethodHandleAccessor.invoke(DirectMethodHandleAccessor.java:103)
at java.base/java.lang.reflect.Method.invoke(Method.java:580)
at org.testng.internal.invokers.MethodInvocationHelper.invokeMethod(MethodInvocationHelper.java:141)
at org.testng.internal.invokers.TestInvoker.invokeMethod(TestInvoker.java:687)
at org.testng.internal.invokers.TestInvoker.invokeTestMethod(TestInvoker.java:230)
at org.testng.internal.invokers.MethodRunner.runInSequence(MethodRunner.java:63)
at org.testng.internal.invokers.TestInvoker$MethodInvocationAgent.invoke(TestInvoker.java:995)
at org.testng.internal.invokers.TestInvoker.invokeTestMethods(TestInvoker.java:203)
at org.testng.internal.invokers.TestMethodWorker.invokeTestMethods(TestMethodWorker.java:154)
at org.testng.internal.invokers.TestMethodWorker.run(TestMethodWorker.java:134)
at java.base/java.util.concurrent.Executors$RunnableAdapter.call(Executors.java:572)
at java.base/java.util.concurrent.FutureTask.run(FutureTask.java:317)
at org.testng.internal.thread.graph.TestNGFutureTask.run(TestNGFutureTask.java:22)
at java.base/java.util.concurrent.ThreadPoolExecutor.runWorker(ThreadPoolExecutor.java:1144)
at java.base/java.util.concurrent.ThreadPoolExecutor$Worker.run(ThreadPoolExecutor.java:642)
at java.base/java.lang.Thread.run(Thread.java:1583)
]]>
            </full-stacktrace>
          </exception> <!-- java.lang.AssertionError -->
          <reporter-output>
          </reporter-output>
        </test-method> <!-- loginScenarios -->
        <test-method is-config="true" signature="tearDown()[pri:0, instance:com.darkuros.selenium.tests.LoginTest@658c5a19]" started-at="2025-09-17T10:23:04 IST" name="tearDown" finished-at="2025-09-17T10:23:05 IST" duration-ms="90" status="PASS">
          <reporter-output>
          </reporter-output>
        </test-method> <!-- tearDown -->
        <test-method is-config="true" signature="setup()[pri:0, instance:com.darkuros.selenium.tests.LoginTest@658c5a19]" started-at="2025-09-17T10:23:05 IST" name="setup" finished-at="2025-09-17T10:23:07 IST" duration-ms="2240" status="PASS">
          <reporter-output>
          </reporter-output>
        </test-method> <!-- setup -->
        <test-method signature="loginScenarios(java.lang.String,java.lang.String,java.lang.String,java.lang.String)[pri:0, instance:com.darkuros.selenium.tests.LoginTest@658c5a19]" started-at="2025-09-17T10:23:07 IST" name="loginScenarios" data-provider="loginScenarios" finished-at="2025-09-17T10:23:08 IST" duration-ms="1416" status="PASS">
          <params>
            <param index="0">
              <value>
                <![CDATA[dark@uros.com]]>
              </value>
            </param>
            <param index="1">
              <value>
                <![CDATA[123@dark]]>
              </value>
            </param>
            <param index="2">
              <value>
                <![CDATA[error]]>
              </value>
            </param>
            <param index="3">
              <value>
                <![CDATA[Incorrect email or password.]]>
              </value>
            </param>
          </params>
          <reporter-output>
          </reporter-output>
        </test-method> <!-- loginScenarios -->
        <test-method is-config="true" signature="tearDown()[pri:0, instance:com.darkuros.selenium.tests.LoginTest@658c5a19]" started-at="2025-09-17T10:23:08 IST" name="tearDown" finished-at="2025-09-17T10:23:08 IST" duration-ms="95" status="PASS">
          <reporter-output>
          </reporter-output>
        </test-method> <!-- tearDown -->
        <test-method is-config="true" signature="setup()[pri:0, instance:com.darkuros.selenium.tests.LoginTest@658c5a19]" started-at="2025-09-17T10:23:08 IST" name="setup" finished-at="2025-09-17T10:23:10 IST" duration-ms="1693" status="PASS">
          <reporter-output>
          </reporter-output>
        </test-method> <!-- setup -->
        <test-method signature="loginScenarios(java.lang.String,java.lang.String,java.lang.String,java.lang.String)[pri:0, instance:com.darkuros.selenium.tests.LoginTest@658c5a19]" started-at="2025-09-17T10:23:10 IST" name="loginScenarios" data-provider="loginScenarios" finished-at="2025-09-17T10:23:11 IST" duration-ms="1360" status="PASS">
          <params>
            <param index="0">
              <value>
                <![CDATA[light@uros.com]]>
              </value>
            </param>
            <param index="1">
              <value>
                <![CDATA[123@dark]]>
              </value>
            </param>
            <param index="2">
              <value>
                <![CDATA[error]]>
              </value>
            </param>
            <param index="3">
              <value>
                <![CDATA[Incorrect email or password.]]>
              </value>
            </param>
          </params>
          <reporter-output>
          </reporter-output>
        </test-method> <!-- loginScenarios -->
        <test-method is-config="true" signature="tearDown()[pri:0, instance:com.darkuros.selenium.tests.LoginTest@658c5a19]" started-at="2025-09-17T10:23:11 IST" name="tearDown" finished-at="2025-09-17T10:23:11 IST" duration-ms="106" status="PASS">
          <reporter-output>
          </reporter-output>
        </test-method> <!-- tearDown -->
      </class> <!-- com.darkuros.selenium.tests.LoginTest -->
    </test> <!-- debug -->
  </suite> <!-- Regression -->
</testng-results>
