<?xml version="1.0" encoding="UTF-8"?>
<!-- Generated by org.testng.reporters.JUnitXMLReporter -->
<testsuite ignored="6" hostname="HOME" failures="0" tests="1" name="debug" time="1.858" errors="0" timestamp="2025-06-17T14:27:39 IST">
  <testcase classname="com.darkuros.selenium.tests.ForgotPasswordTest" name="passwordsDontMatch" time="0.296"/>
  <testcase classname="com.darkuros.selenium.tests.ForgotPasswordTest" name="saveNewPasswordWithValidCredentials" time="0.0">
    <ignored/>
  </testcase> <!-- saveNewPasswordWithValidCredentials -->
  <testcase classname="com.darkuros.selenium.tests.ForgotPasswordTest" name="emptyEmail" time="0.0">
    <ignored/>
  </testcase> <!-- emptyEmail -->
  <testcase classname="com.darkuros.selenium.tests.ForgotPasswordTest" name="emptyPasswordAndConfirmPassword" time="0.0">
    <ignored/>
  </testcase> <!-- emptyPasswordAndConfirmPassword -->
  <testcase classname="com.darkuros.selenium.tests.ForgotPasswordTest" name="invalidEmail" time="0.0">
    <ignored/>
  </testcase> <!-- invalidEmail -->
  <testcase classname="com.darkuros.selenium.tests.ForgotPasswordTest" name="emptyPassword" time="0.0">
    <ignored/>
  </testcase> <!-- emptyPassword -->
  <testcase classname="com.darkuros.selenium.tests.ForgotPasswordTest" name="emptyConfirmPassword" time="0.0">
    <ignored/>
  </testcase> <!-- emptyConfirmPassword -->
</testsuite> <!-- debug -->
