<?xml version="1.0" encoding="UTF-8"?>
<!-- Generated by org.testng.reporters.JUnitXMLReporter -->
<testsuite ignored="0" hostname="HOME" failures="0" tests="6" name="debug" time="28.532" errors="0" timestamp="2025-07-02T14:16:45 IST">
  <testcase classname="com.darkuros.selenium.tests.LoginTest" name="loginScenarios" time="0.447"/>
  <testcase classname="com.darkuros.selenium.tests.LoginTest" name="isForgotPasswordLinkWorking" time="0.264"/>
  <testcase classname="com.darkuros.selenium.tests.LoginTest" name="isRegisterLinkWorking" time="0.278"/>
  <testcase classname="com.darkuros.selenium.tests.LoginTest" name="loginScenarios" time="0.342"/>
  <testcase classname="com.darkuros.selenium.tests.LoginTest" name="loginScenarios" time="0.341"/>
  <testcase classname="com.darkuros.selenium.tests.LoginTest" name="loginScenarios" time="0.342"/>
</testsuite> <!-- debug -->
